#
# A fatal error has been detected by the Java Runtime Environment:
#
#  SIGSEGV (0xb) at pc=0x0000000127769f81, pid=1286, tid=259
#
# JRE version: OpenJDK Runtime Environment Corretto-19.0.2.7.1 (19.0.2+7) (build 19.0.2+7-FR)
# Java VM: OpenJDK 64-Bit Server VM Corretto-19.0.2.7.1 (19.0.2+7-FR, mixed mode, sharing, tiered, compressed oops, compressed class ptrs, g1 gc, bsd-amd64)
# Problematic frame:
# C  [libglass.dylib+0x8f81]  -[GlassApplication applicationWillHide:]+0xd1
#
# No core dump will be written. Core dumps have been disabled. To enable core dumping, try "ulimit -c unlimited" before starting Java again
#
# If you would like to submit a bug report, please visit:
#   https://github.com/corretto/corretto-19/issues/
#

---------------  S U M M A R Y ------------

Command Line: -javaagent:/Applications/IntelliJ IDEA CE.app/Contents/lib/idea_rt.jar=49414:/Applications/IntelliJ IDEA CE.app/Contents/bin -Dfile.encoding=UTF-8 -Dsun.stdout.encoding=UTF-8 -Dsun.stderr.encoding=UTF-8 --module-path=/Users/lorie/.m2/repository/org/openjfx/javafx-fxml/17.0.2/javafx-fxml-17.0.2-mac.jar:/Users/lorie/.m2/repository/org/openjfx/javafx-controls/17.0.2/javafx-controls-17.0.2-mac.jar:/Users/lorie/.m2/repository/org/openjfx/javafx-graphics/17.0.2/javafx-graphics-17.0.2-mac.jar:/Users/lorie/Downloads/SixQuiPrend-main/target/classes:/Users/lorie/.m2/repository/org/openjfx/javafx-base/17.0.2/javafx-base-17.0.2-mac.jar -Djdk.module.main=com.example.sixquiprend com.example.sixquiprend/com.example.sixquiprend.HelloApplication

Host: "MacBookPro15,4" x86_64 1400 MHz, 8 cores, 8G, Darwin 22.3.0, macOS 13.2 (22D49)
Time: Sun May 28 16:04:25 2023 CEST elapsed time: 6.129456 seconds (0d 0h 0m 6s)

---------------  T H R E A D  ---------------

Current thread is native thread

Stack: [0x00007ff7bd578000,0x00007ff7bdd78000],  sp=0x00007ff7bdd734f0,  free space=8173k
Native frames: (J=compiled Java code, j=interpreted, Vv=VM code, C=native code)
C  [libglass.dylib+0x8f81]  -[GlassApplication applicationWillHide:]+0xd1
C  [CoreFoundation+0x753d4]  __CFNOTIFICATIONCENTER_IS_CALLING_OUT_TO_AN_OBSERVER__+0x89
C  [CoreFoundation+0x10f41a]  ___CFXRegistrationPost_block_invoke+0x58
C  [CoreFoundation+0x10f369]  _CFXRegistrationPost+0x218
C  [CoreFoundation+0x488f9]  _CFXNotificationPost+0x2df
C  [Foundation+0x9abc]  -[NSNotificationCenter postNotificationName:object:userInfo:]+0x52
C  [AppKit+0x2a291a]  -[NSApplication _doHideMaybeFakingIt:]+0x118
C  [AppKit+0x225170]  _hideShowHandler+0x78
C  [HIToolbox+0x948d]  DispatchEventToHandlers(EventTargetRec*, OpaqueEventRef*, HandlerCallRec*)+0x565
C  [HIToolbox+0x88cc]  SendEventToEventTargetInternal(OpaqueEventRef*, OpaqueEventTargetRef*, HandlerCallRec*)+0x14d
C  [HIToolbox+0x1d529]  SendEventToEventTarget+0x27
C  [AppKit+0x3e7e2]  _DPSNextEvent+0x8dc
C  [AppKit+0x3d114]  -[NSApplication(NSEvent) _nextEventMatchingEventMask:untilDate:inMode:dequeue:]+0x4c3
C  [AppKit+0x2f757]  -[NSApplication run]+0x24a
C  [libosxapp.dylib+0x42b5]  +[NSApplicationAWT runAWTLoopWithApp:]+0xa5
C  [libawt_lwawt.dylib+0x6f7c0]  +[AWTStarter starter:headless:]+0x1f0
C  [libosxapp.dylib+0x5f9f]  +[ThreadUtilities invokeBlockCopy:]+0xf
C  [Foundation+0x7f190]  __NSThreadPerformPerform+0xb1
C  [CoreFoundation+0x7fb78]  __CFRUNLOOP_IS_CALLING_OUT_TO_A_SOURCE0_PERFORM_FUNCTION__+0x11
C  [CoreFoundation+0x7fb27]  __CFRunLoopDoSource0+0x9d
C  [CoreFoundation+0x7f901]  __CFRunLoopDoSources0+0xd4
C  [CoreFoundation+0x7e57b]  __CFRunLoopRun+0x3a1
C  [CoreFoundation+0x7db60]  CFRunLoopRunSpecific+0x230
C  [libjli.dylib+0x6f52]  CreateExecutionEnvironment+0x182
C  [libjli.dylib+0x2ccd]  JLI_Launch+0x56d
C  [java+0x3c15]  main+0x185
C  [dyld+0x6310]  start+0x980


siginfo: si_signo: 11 (SIGSEGV), si_code: 1 (SEGV_MAPERR), si_addr: 0x0000000000000000

Registers:
RAX=0x0000600002e5b120, RBX=0x0000000000000000, RCX=0x00007ff1d900b090, RDX=0x011d800000000001
RSP=0x00007ff7bdd734f0, RBP=0x00007ff7bdd73920, RSI=0x00007ff1d900b000, RDI=0x00007ff1d900b088
R8 =0x0000000000000002, R9 =0x0000000000000030, R10=0x00007ff84f23a778, R11=0x00007ff80c7d79db
R12=0x00007ff80b574e00, R13=0x00007ff1d9237c00, R14=0x0000600002e65d70, R15=0x0000600002e5b120
RIP=0x0000000127769f81, EFLAGS=0x0000000000010206, ERR=0x0000000000000004
  TRAPNO=0x000000000000000e


Top of Stack: (sp=0x00007ff7bdd734f0)
0x00007ff7bdd734f0:   0000000127769f25 00007ff80b9b43d4
0x00007ff7bdd73500:   00007ff80ba4e41a 00007ff80ba4e369
0x00007ff7bdd73510:   00007ff80b9878f9 00007ff80c7c3abc
0x00007ff7bdd73520:   00007ff80ed7191a 00007ff80ecf4170
0x00007ff7bdd73530:   00007ff8152e448d 00007ff8152e38cc
0x00007ff7bdd73540:   00007ff8152f8529 00007ff80eb0d7e2
0x00007ff7bdd73550:   00007ff80eb0c114 00007ff80eafe757
0x00007ff7bdd73560:   00000001323fd2b5 0000000132b597c0
0x00007ff7bdd73570:   00000001323fef9f 00007ff80c839190
0x00007ff7bdd73580:   00007ff80b9beb78 00007ff80b9beb27
0x00007ff7bdd73590:   00007ff80b9be901 00007ff80b9bd57b
0x00007ff7bdd735a0:   00007ff80b9bcb60 0000000102237f52
0x00007ff7bdd735b0:   0000000102233ccd 000000010218bc15
0x00007ff7bdd735c0:   00007ff80b5b0310 0000000000000000
0x00007ff7bdd735d0:   0000000000000000 0000000000000000
0x00007ff7bdd735e0:   0000000000000000 0000000000000000
0x00007ff7bdd735f0:   0000000000000000 0000000000000000
0x00007ff7bdd73600:   0000000000000000 0000000000000000
0x00007ff7bdd73610:   0000000000000000 0000000000000000
0x00007ff7bdd73620:   0000000000000000 0000000000000000
0x00007ff7bdd73630:   0000000000000000 0000000000000000
0x00007ff7bdd73640:   0000000000000000 0000000000000000
0x00007ff7bdd73650:   0000000000000000 0000000000000000
0x00007ff7bdd73660:   0000000000000000 0000000000000000
0x00007ff7bdd73670:   0000000000000000 0000000000000000
0x00007ff7bdd73680:   0000000000000000 0000000000000000
0x00007ff7bdd73690:   0000000000000000 0000000000000000
0x00007ff7bdd736a0:   0000000000000000 0000000000000000
0x00007ff7bdd736b0:   0000000000000000 0000000000000000
0x00007ff7bdd736c0:   0000000000000000 0000000000000000
0x00007ff7bdd736d0:   0000000000000000 0000000000000000
0x00007ff7bdd736e0:   0000000000000000 0000000000000000 

Instructions: (pc=0x0000000127769f81)
0x0000000127769e81:   8b 05 a1 f2 02 00 48 8b 00 48 3b 45 d0 75 12 48
0x0000000127769e91:   81 c4 08 04 00 00 5b 41 5c 41 5d 41 5e 41 5f 5d
0x0000000127769ea1:   c3 e8 1b 3f 02 00 66 0f 1f 84 00 00 00 00 00 55
0x0000000127769eb1:   48 89 e5 41 57 41 56 41 55 41 54 53 48 81 ec 08
0x0000000127769ec1:   04 00 00 49 89 fe 48 8b 05 5a f2 02 00 48 8b 00
0x0000000127769ed1:   48 89 45 d0 4c 8d 25 e4 8e 03 00 49 8b 1c 24 48
0x0000000127769ee1:   85 db 75 79 48 8b 05 44 f2 02 00 48 8b 38 48 8d
0x0000000127769ef1:   35 25 8f 02 00 48 8d 15 7b 99 02 00 48 8d 0d 9b
0x0000000127769f01:   97 02 00 41 b8 39 01 00 00 31 c0 e8 ff 3e 02 00
0x0000000127769f11:   48 8d 9d d0 fb ff ff 48 89 df be 80 00 00 00 e8
0x0000000127769f21:   b5 3e 02 00 41 89 c7 48 89 df 89 c6 e8 ae 3e 02
0x0000000127769f31:   00 49 89 c5 45 85 ff 7e 18 45 89 ff 31 db 90 49
0x0000000127769f41:   8b 7c dd 00 e8 70 40 02 00 48 ff c3 49 39 df 75
0x0000000127769f51:   ee 4c 89 ef e8 c2 3e 02 00 49 8b 1c 24 48 8b 3d
0x0000000127769f61:   8b 7d 03 00 e8 ae 3f 02 00 48 8b 35 bf 6b 03 00
0x0000000127769f71:   4c 8b 25 00 f2 02 00 48 89 c7 41 ff d4 49 89 c7
0x0000000127769f81:   48 8b 03 4c 8b a8 e8 01 00 00 4d 8b 76 10 48 8b
0x0000000127769f91:   3d 9a 7d 03 00 48 8b 35 7b 70 03 00 41 ff d4 48
0x0000000127769fa1:   89 df 4c 89 f6 48 89 c2 31 c0 41 ff d5 48 8b 35
0x0000000127769fb1:   93 6b 03 00 4c 89 ff 41 ff d4 48 8b 03 48 89 df
0x0000000127769fc1:   ff 50 78 48 85 c0 74 42 49 89 c6 48 8b 03 48 89
0x0000000127769fd1:   df ff 90 88 00 00 00 4c 8b 03 48 8d 05 e6 8d 03
0x0000000127769fe1:   00 48 8b 30 48 8d 05 44 8f 03 00 48 8b 50 50 48
0x0000000127769ff1:   89 df 4c 89 f1 31 c0 41 ff 90 68 04 00 00 48 8b
0x000000012776a001:   03 48 89 df ff 90 88 00 00 00 48 8b 05 16 f1 02
0x000000012776a011:   00 48 8b 00 48 3b 45 d0 75 12 48 81 c4 08 04 00
0x000000012776a021:   00 5b 41 5c 41 5d 41 5e 41 5f 5d c3 e8 90 3d 02
0x000000012776a031:   00 66 2e 0f 1f 84 00 00 00 00 00 0f 1f 40 00 55
0x000000012776a041:   48 89 e5 41 57 41 56 41 55 41 54 53 48 81 ec 08
0x000000012776a051:   04 00 00 49 89 fe 48 8b 05 ca f0 02 00 48 8b 00
0x000000012776a061:   48 89 45 d0 4c 8d 25 54 8d 03 00 49 8b 1c 24 48
0x000000012776a071:   85 db 75 79 48 8b 05 b4 f0 02 00 48 8b 38 48 8d 



---------------  P R O C E S S  ---------------

VM state: not at safepoint (normal execution)

VM Mutex/Monitor currently owned by a thread: None

Heap address: 0x0000000780000000, size: 2048 MB, Compressed Oops mode: Zero based, Oop shift amount: 3

CDS archive(s) mapped at: [0x0000000800000000-0x0000000800c42000-0x0000000800c42000), size 12853248, SharedBaseAddress: 0x0000000800000000, ArchiveRelocationMode: 0.
Compressed class space mapped at: 0x0000000801000000-0x0000000841000000, reserved size: 1073741824
Narrow klass base: 0x0000000800000000, Narrow klass shift: 0, Narrow klass range: 0x100000000

GC Precious Log:
<Skipped>

Heap:
 garbage-first heap   total 133120K, used 28707K [0x0000000780000000, 0x0000000800000000)
  region size 1024K, 25 young (25600K), 3 survivors (3072K)
 Metaspace       used 14068K, committed 14400K, reserved 1114112K
  class space    used 1797K, committed 1984K, reserved 1048576K

Heap Regions: E=young(eden), S=young(survivor), O=old, HS=humongous(starts), HC=humongous(continues), CS=collection set, F=free, OA=open archive, CA=closed archive, TAMS=top-at-mark-start (previous, next)
|   0|0x0000000780000000, 0x000000078002ac00, 0x0000000780100000| 16%| O|  |TAMS 0x0000000780000000, 0x0000000780000000| Untracked 
|   1|0x0000000780100000, 0x0000000780200000, 0x0000000780200000|100%|HS|  |TAMS 0x0000000780100000, 0x0000000780100000| Complete 
|   2|0x0000000780200000, 0x0000000780300000, 0x0000000780300000|100%|HC|  |TAMS 0x0000000780200000, 0x0000000780200000| Complete 
|   3|0x0000000780300000, 0x0000000780300000, 0x0000000780400000|  0%| F|  |TAMS 0x0000000780300000, 0x0000000780300000| Untracked 
|   4|0x0000000780400000, 0x0000000780400000, 0x0000000780500000|  0%| F|  |TAMS 0x0000000780400000, 0x0000000780400000| Untracked 
|   5|0x0000000780500000, 0x0000000780500000, 0x0000000780600000|  0%| F|  |TAMS 0x0000000780500000, 0x0000000780500000| Untracked 
|   6|0x0000000780600000, 0x0000000780600000, 0x0000000780700000|  0%| F|  |TAMS 0x0000000780600000, 0x0000000780600000| Untracked 
|   7|0x0000000780700000, 0x0000000780700000, 0x0000000780800000|  0%| F|  |TAMS 0x0000000780700000, 0x0000000780700000| Untracked 
|   8|0x0000000780800000, 0x0000000780800000, 0x0000000780900000|  0%| F|  |TAMS 0x0000000780800000, 0x0000000780800000| Untracked 
|   9|0x0000000780900000, 0x0000000780900000, 0x0000000780a00000|  0%| F|  |TAMS 0x0000000780900000, 0x0000000780900000| Untracked 
|  10|0x0000000780a00000, 0x0000000780a00000, 0x0000000780b00000|  0%| F|  |TAMS 0x0000000780a00000, 0x0000000780a00000| Untracked 
|  11|0x0000000780b00000, 0x0000000780b00000, 0x0000000780c00000|  0%| F|  |TAMS 0x0000000780b00000, 0x0000000780b00000| Untracked 
|  12|0x0000000780c00000, 0x0000000780c00000, 0x0000000780d00000|  0%| F|  |TAMS 0x0000000780c00000, 0x0000000780c00000| Untracked 
|  13|0x0000000780d00000, 0x0000000780d00000, 0x0000000780e00000|  0%| F|  |TAMS 0x0000000780d00000, 0x0000000780d00000| Untracked 
|  14|0x0000000780e00000, 0x0000000780e00000, 0x0000000780f00000|  0%| F|  |TAMS 0x0000000780e00000, 0x0000000780e00000| Untracked 
|  15|0x0000000780f00000, 0x0000000780f00000, 0x0000000781000000|  0%| F|  |TAMS 0x0000000780f00000, 0x0000000780f00000| Untracked 
|  16|0x0000000781000000, 0x0000000781000000, 0x0000000781100000|  0%| F|  |TAMS 0x0000000781000000, 0x0000000781000000| Untracked 
|  17|0x0000000781100000, 0x0000000781100000, 0x0000000781200000|  0%| F|  |TAMS 0x0000000781100000, 0x0000000781100000| Untracked 
|  18|0x0000000781200000, 0x0000000781200000, 0x0000000781300000|  0%| F|  |TAMS 0x0000000781200000, 0x0000000781200000| Untracked 
|  19|0x0000000781300000, 0x0000000781300000, 0x0000000781400000|  0%| F|  |TAMS 0x0000000781300000, 0x0000000781300000| Untracked 
|  20|0x0000000781400000, 0x0000000781400000, 0x0000000781500000|  0%| F|  |TAMS 0x0000000781400000, 0x0000000781400000| Untracked 
|  21|0x0000000781500000, 0x0000000781500000, 0x0000000781600000|  0%| F|  |TAMS 0x0000000781500000, 0x0000000781500000| Untracked 
|  22|0x0000000781600000, 0x0000000781600000, 0x0000000781700000|  0%| F|  |TAMS 0x0000000781600000, 0x0000000781600000| Untracked 
|  23|0x0000000781700000, 0x0000000781700000, 0x0000000781800000|  0%| F|  |TAMS 0x0000000781700000, 0x0000000781700000| Untracked 
|  24|0x0000000781800000, 0x0000000781800000, 0x0000000781900000|  0%| F|  |TAMS 0x0000000781800000, 0x0000000781800000| Untracked 
|  25|0x0000000781900000, 0x0000000781900000, 0x0000000781a00000|  0%| F|  |TAMS 0x0000000781900000, 0x0000000781900000| Untracked 
|  26|0x0000000781a00000, 0x0000000781a00000, 0x0000000781b00000|  0%| F|  |TAMS 0x0000000781a00000, 0x0000000781a00000| Untracked 
|  27|0x0000000781b00000, 0x0000000781b00000, 0x0000000781c00000|  0%| F|  |TAMS 0x0000000781b00000, 0x0000000781b00000| Untracked 
|  28|0x0000000781c00000, 0x0000000781c00000, 0x0000000781d00000|  0%| F|  |TAMS 0x0000000781c00000, 0x0000000781c00000| Untracked 
|  29|0x0000000781d00000, 0x0000000781d00000, 0x0000000781e00000|  0%| F|  |TAMS 0x0000000781d00000, 0x0000000781d00000| Untracked 
|  30|0x0000000781e00000, 0x0000000781e00000, 0x0000000781f00000|  0%| F|  |TAMS 0x0000000781e00000, 0x0000000781e00000| Untracked 
|  31|0x0000000781f00000, 0x0000000781f00000, 0x0000000782000000|  0%| F|  |TAMS 0x0000000781f00000, 0x0000000781f00000| Untracked 
|  32|0x0000000782000000, 0x0000000782000000, 0x0000000782100000|  0%| F|  |TAMS 0x0000000782000000, 0x0000000782000000| Untracked 
|  33|0x0000000782100000, 0x0000000782100000, 0x0000000782200000|  0%| F|  |TAMS 0x0000000782100000, 0x0000000782100000| Untracked 
|  34|0x0000000782200000, 0x0000000782200000, 0x0000000782300000|  0%| F|  |TAMS 0x0000000782200000, 0x0000000782200000| Untracked 
|  35|0x0000000782300000, 0x0000000782300000, 0x0000000782400000|  0%| F|  |TAMS 0x0000000782300000, 0x0000000782300000| Untracked 
|  36|0x0000000782400000, 0x0000000782400000, 0x0000000782500000|  0%| F|  |TAMS 0x0000000782400000, 0x0000000782400000| Untracked 
|  37|0x0000000782500000, 0x0000000782500000, 0x0000000782600000|  0%| F|  |TAMS 0x0000000782500000, 0x0000000782500000| Untracked 
|  38|0x0000000782600000, 0x0000000782600000, 0x0000000782700000|  0%| F|  |TAMS 0x0000000782600000, 0x0000000782600000| Untracked 
|  39|0x0000000782700000, 0x0000000782700000, 0x0000000782800000|  0%| F|  |TAMS 0x0000000782700000, 0x0000000782700000| Untracked 
|  40|0x0000000782800000, 0x0000000782800000, 0x0000000782900000|  0%| F|  |TAMS 0x0000000782800000, 0x0000000782800000| Untracked 
|  41|0x0000000782900000, 0x0000000782900000, 0x0000000782a00000|  0%| F|  |TAMS 0x0000000782900000, 0x0000000782900000| Untracked 
|  42|0x0000000782a00000, 0x0000000782a00000, 0x0000000782b00000|  0%| F|  |TAMS 0x0000000782a00000, 0x0000000782a00000| Untracked 
|  43|0x0000000782b00000, 0x0000000782b00000, 0x0000000782c00000|  0%| F|  |TAMS 0x0000000782b00000, 0x0000000782b00000| Untracked 
|  44|0x0000000782c00000, 0x0000000782c00000, 0x0000000782d00000|  0%| F|  |TAMS 0x0000000782c00000, 0x0000000782c00000| Untracked 
|  45|0x0000000782d00000, 0x0000000782d00000, 0x0000000782e00000|  0%| F|  |TAMS 0x0000000782d00000, 0x0000000782d00000| Untracked 
|  46|0x0000000782e00000, 0x0000000782e00000, 0x0000000782f00000|  0%| F|  |TAMS 0x0000000782e00000, 0x0000000782e00000| Untracked 
|  47|0x0000000782f00000, 0x0000000782f00000, 0x0000000783000000|  0%| F|  |TAMS 0x0000000782f00000, 0x0000000782f00000| Untracked 
|  48|0x0000000783000000, 0x0000000783000000, 0x0000000783100000|  0%| F|  |TAMS 0x0000000783000000, 0x0000000783000000| Untracked 
|  49|0x0000000783100000, 0x0000000783100000, 0x0000000783200000|  0%| F|  |TAMS 0x0000000783100000, 0x0000000783100000| Untracked 
|  50|0x0000000783200000, 0x0000000783200000, 0x0000000783300000|  0%| F|  |TAMS 0x0000000783200000, 0x0000000783200000| Untracked 
|  51|0x0000000783300000, 0x0000000783300000, 0x0000000783400000|  0%| F|  |TAMS 0x0000000783300000, 0x0000000783300000| Untracked 
|  52|0x0000000783400000, 0x0000000783400000, 0x0000000783500000|  0%| F|  |TAMS 0x0000000783400000, 0x0000000783400000| Untracked 
|  53|0x0000000783500000, 0x0000000783500000, 0x0000000783600000|  0%| F|  |TAMS 0x0000000783500000, 0x0000000783500000| Untracked 
|  54|0x0000000783600000, 0x0000000783600000, 0x0000000783700000|  0%| F|  |TAMS 0x0000000783600000, 0x0000000783600000| Untracked 
|  55|0x0000000783700000, 0x0000000783700000, 0x0000000783800000|  0%| F|  |TAMS 0x0000000783700000, 0x0000000783700000| Untracked 
|  56|0x0000000783800000, 0x0000000783800000, 0x0000000783900000|  0%| F|  |TAMS 0x0000000783800000, 0x0000000783800000| Untracked 
|  57|0x0000000783900000, 0x0000000783900000, 0x0000000783a00000|  0%| F|  |TAMS 0x0000000783900000, 0x0000000783900000| Untracked 
|  58|0x0000000783a00000, 0x0000000783a00000, 0x0000000783b00000|  0%| F|  |TAMS 0x0000000783a00000, 0x0000000783a00000| Untracked 
|  59|0x0000000783b00000, 0x0000000783b00000, 0x0000000783c00000|  0%| F|  |TAMS 0x0000000783b00000, 0x0000000783b00000| Untracked 
|  60|0x0000000783c00000, 0x0000000783c00000, 0x0000000783d00000|  0%| F|  |TAMS 0x0000000783c00000, 0x0000000783c00000| Untracked 
|  61|0x0000000783d00000, 0x0000000783d00000, 0x0000000783e00000|  0%| F|  |TAMS 0x0000000783d00000, 0x0000000783d00000| Untracked 
|  62|0x0000000783e00000, 0x0000000783e00000, 0x0000000783f00000|  0%| F|  |TAMS 0x0000000783e00000, 0x0000000783e00000| Untracked 
|  63|0x0000000783f00000, 0x0000000783f00000, 0x0000000784000000|  0%| F|  |TAMS 0x0000000783f00000, 0x0000000783f00000| Untracked 
|  64|0x0000000784000000, 0x0000000784000000, 0x0000000784100000|  0%| F|  |TAMS 0x0000000784000000, 0x0000000784000000| Untracked 
|  65|0x0000000784100000, 0x0000000784100000, 0x0000000784200000|  0%| F|  |TAMS 0x0000000784100000, 0x0000000784100000| Untracked 
|  66|0x0000000784200000, 0x0000000784200000, 0x0000000784300000|  0%| F|  |TAMS 0x0000000784200000, 0x0000000784200000| Untracked 
|  67|0x0000000784300000, 0x0000000784300000, 0x0000000784400000|  0%| F|  |TAMS 0x0000000784300000, 0x0000000784300000| Untracked 
|  68|0x0000000784400000, 0x0000000784400000, 0x0000000784500000|  0%| F|  |TAMS 0x0000000784400000, 0x0000000784400000| Untracked 
|  69|0x0000000784500000, 0x0000000784500000, 0x0000000784600000|  0%| F|  |TAMS 0x0000000784500000, 0x0000000784500000| Untracked 
|  70|0x0000000784600000, 0x0000000784600000, 0x0000000784700000|  0%| F|  |TAMS 0x0000000784600000, 0x0000000784600000| Untracked 
|  71|0x0000000784700000, 0x0000000784700000, 0x0000000784800000|  0%| F|  |TAMS 0x0000000784700000, 0x0000000784700000| Untracked 
|  72|0x0000000784800000, 0x0000000784800000, 0x0000000784900000|  0%| F|  |TAMS 0x0000000784800000, 0x0000000784800000| Untracked 
|  73|0x0000000784900000, 0x0000000784900000, 0x0000000784a00000|  0%| F|  |TAMS 0x0000000784900000, 0x0000000784900000| Untracked 
|  74|0x0000000784a00000, 0x0000000784a00000, 0x0000000784b00000|  0%| F|  |TAMS 0x0000000784a00000, 0x0000000784a00000| Untracked 
|  75|0x0000000784b00000, 0x0000000784b00000, 0x0000000784c00000|  0%| F|  |TAMS 0x0000000784b00000, 0x0000000784b00000| Untracked 
|  76|0x0000000784c00000, 0x0000000784c00000, 0x0000000784d00000|  0%| F|  |TAMS 0x0000000784c00000, 0x0000000784c00000| Untracked 
|  77|0x0000000784d00000, 0x0000000784d00000, 0x0000000784e00000|  0%| F|  |TAMS 0x0000000784d00000, 0x0000000784d00000| Untracked 
|  78|0x0000000784e00000, 0x0000000784e00000, 0x0000000784f00000|  0%| F|  |TAMS 0x0000000784e00000, 0x0000000784e00000| Untracked 
|  79|0x0000000784f00000, 0x0000000784f00000, 0x0000000785000000|  0%| F|  |TAMS 0x0000000784f00000, 0x0000000784f00000| Untracked 
|  80|0x0000000785000000, 0x0000000785000000, 0x0000000785100000|  0%| F|  |TAMS 0x0000000785000000, 0x0000000785000000| Untracked 
|  81|0x0000000785100000, 0x0000000785100000, 0x0000000785200000|  0%| F|  |TAMS 0x0000000785100000, 0x0000000785100000| Untracked 
|  82|0x0000000785200000, 0x0000000785200000, 0x0000000785300000|  0%| F|  |TAMS 0x0000000785200000, 0x0000000785200000| Untracked 
|  83|0x0000000785300000, 0x0000000785300000, 0x0000000785400000|  0%| F|  |TAMS 0x0000000785300000, 0x0000000785300000| Untracked 
|  84|0x0000000785400000, 0x0000000785400000, 0x0000000785500000|  0%| F|  |TAMS 0x0000000785400000, 0x0000000785400000| Untracked 
|  85|0x0000000785500000, 0x0000000785500000, 0x0000000785600000|  0%| F|  |TAMS 0x0000000785500000, 0x0000000785500000| Untracked 
|  86|0x0000000785600000, 0x0000000785600000, 0x0000000785700000|  0%| F|  |TAMS 0x0000000785600000, 0x0000000785600000| Untracked 
|  87|0x0000000785700000, 0x0000000785700000, 0x0000000785800000|  0%| F|  |TAMS 0x0000000785700000, 0x0000000785700000| Untracked 
|  88|0x0000000785800000, 0x0000000785800000, 0x0000000785900000|  0%| F|  |TAMS 0x0000000785800000, 0x0000000785800000| Untracked 
|  89|0x0000000785900000, 0x0000000785900000, 0x0000000785a00000|  0%| F|  |TAMS 0x0000000785900000, 0x0000000785900000| Untracked 
|  90|0x0000000785a00000, 0x0000000785a00000, 0x0000000785b00000|  0%| F|  |TAMS 0x0000000785a00000, 0x0000000785a00000| Untracked 
|  91|0x0000000785b00000, 0x0000000785b00000, 0x0000000785c00000|  0%| F|  |TAMS 0x0000000785b00000, 0x0000000785b00000| Untracked 
|  92|0x0000000785c00000, 0x0000000785c00000, 0x0000000785d00000|  0%| F|  |TAMS 0x0000000785c00000, 0x0000000785c00000| Untracked 
|  93|0x0000000785d00000, 0x0000000785d00000, 0x0000000785e00000|  0%| F|  |TAMS 0x0000000785d00000, 0x0000000785d00000| Untracked 
|  94|0x0000000785e00000, 0x0000000785e00000, 0x0000000785f00000|  0%| F|  |TAMS 0x0000000785e00000, 0x0000000785e00000| Untracked 
|  95|0x0000000785f00000, 0x0000000785f00000, 0x0000000786000000|  0%| F|  |TAMS 0x0000000785f00000, 0x0000000785f00000| Untracked 
|  96|0x0000000786000000, 0x0000000786000000, 0x0000000786100000|  0%| F|  |TAMS 0x0000000786000000, 0x0000000786000000| Untracked 
|  97|0x0000000786100000, 0x0000000786100000, 0x0000000786200000|  0%| F|  |TAMS 0x0000000786100000, 0x0000000786100000| Untracked 
|  98|0x0000000786200000, 0x0000000786200000, 0x0000000786300000|  0%| F|  |TAMS 0x0000000786200000, 0x0000000786200000| Untracked 
|  99|0x0000000786300000, 0x0000000786300000, 0x0000000786400000|  0%| F|  |TAMS 0x0000000786300000, 0x0000000786300000| Untracked 
| 100|0x0000000786400000, 0x0000000786400000, 0x0000000786500000|  0%| F|  |TAMS 0x0000000786400000, 0x0000000786400000| Untracked 
| 101|0x0000000786500000, 0x0000000786500000, 0x0000000786600000|  0%| F|  |TAMS 0x0000000786500000, 0x0000000786500000| Untracked 
| 102|0x0000000786600000, 0x0000000786700000, 0x0000000786700000|100%| S|CS|TAMS 0x0000000786600000, 0x0000000786600000| Complete 
| 103|0x0000000786700000, 0x0000000786800000, 0x0000000786800000|100%| S|CS|TAMS 0x0000000786700000, 0x0000000786700000| Complete 
| 104|0x0000000786800000, 0x0000000786900000, 0x0000000786900000|100%| S|CS|TAMS 0x0000000786800000, 0x0000000786800000| Complete 
| 105|0x0000000786900000, 0x0000000786900000, 0x0000000786a00000|  0%| F|  |TAMS 0x0000000786900000, 0x0000000786900000| Untracked 
| 106|0x0000000786a00000, 0x0000000786aea3f8, 0x0000000786b00000| 91%| E|  |TAMS 0x0000000786a00000, 0x0000000786a00000| Complete 
| 107|0x0000000786b00000, 0x0000000786c00000, 0x0000000786c00000|100%| E|CS|TAMS 0x0000000786b00000, 0x0000000786b00000| Complete 
| 108|0x0000000786c00000, 0x0000000786d00000, 0x0000000786d00000|100%| E|CS|TAMS 0x0000000786c00000, 0x0000000786c00000| Complete 
| 109|0x0000000786d00000, 0x0000000786e00000, 0x0000000786e00000|100%| E|CS|TAMS 0x0000000786d00000, 0x0000000786d00000| Complete 
| 110|0x0000000786e00000, 0x0000000786f00000, 0x0000000786f00000|100%| E|CS|TAMS 0x0000000786e00000, 0x0000000786e00000| Complete 
| 111|0x0000000786f00000, 0x0000000787000000, 0x0000000787000000|100%| E|CS|TAMS 0x0000000786f00000, 0x0000000786f00000| Complete 
| 112|0x0000000787000000, 0x0000000787100000, 0x0000000787100000|100%| E|CS|TAMS 0x0000000787000000, 0x0000000787000000| Complete 
| 113|0x0000000787100000, 0x0000000787200000, 0x0000000787200000|100%| E|CS|TAMS 0x0000000787100000, 0x0000000787100000| Complete 
| 114|0x0000000787200000, 0x0000000787300000, 0x0000000787300000|100%| E|CS|TAMS 0x0000000787200000, 0x0000000787200000| Complete 
| 115|0x0000000787300000, 0x0000000787400000, 0x0000000787400000|100%| E|CS|TAMS 0x0000000787300000, 0x0000000787300000| Complete 
| 116|0x0000000787400000, 0x0000000787500000, 0x0000000787500000|100%| E|CS|TAMS 0x0000000787400000, 0x0000000787400000| Complete 
| 117|0x0000000787500000, 0x0000000787600000, 0x0000000787600000|100%| E|CS|TAMS 0x0000000787500000, 0x0000000787500000| Complete 
| 118|0x0000000787600000, 0x0000000787700000, 0x0000000787700000|100%| E|CS|TAMS 0x0000000787600000, 0x0000000787600000| Complete 
| 119|0x0000000787700000, 0x0000000787800000, 0x0000000787800000|100%| E|CS|TAMS 0x0000000787700000, 0x0000000787700000| Complete 
| 120|0x0000000787800000, 0x0000000787900000, 0x0000000787900000|100%| E|CS|TAMS 0x0000000787800000, 0x0000000787800000| Complete 
| 121|0x0000000787900000, 0x0000000787a00000, 0x0000000787a00000|100%| E|CS|TAMS 0x0000000787900000, 0x0000000787900000| Complete 
| 122|0x0000000787a00000, 0x0000000787b00000, 0x0000000787b00000|100%| E|CS|TAMS 0x0000000787a00000, 0x0000000787a00000| Complete 
| 123|0x0000000787b00000, 0x0000000787c00000, 0x0000000787c00000|100%| E|CS|TAMS 0x0000000787b00000, 0x0000000787b00000| Complete 
| 124|0x0000000787c00000, 0x0000000787d00000, 0x0000000787d00000|100%| E|CS|TAMS 0x0000000787c00000, 0x0000000787c00000| Complete 
| 125|0x0000000787d00000, 0x0000000787e00000, 0x0000000787e00000|100%| E|CS|TAMS 0x0000000787d00000, 0x0000000787d00000| Complete 
| 126|0x0000000787e00000, 0x0000000787f00000, 0x0000000787f00000|100%| E|CS|TAMS 0x0000000787e00000, 0x0000000787e00000| Complete 
| 127|0x0000000787f00000, 0x0000000788000000, 0x0000000788000000|100%| E|CS|TAMS 0x0000000787f00000, 0x0000000787f00000| Complete 
|2046|0x00000007ffe00000, 0x00000007ffe77000, 0x00000007fff00000| 46%|OA|  |TAMS 0x00000007ffe00000, 0x00000007ffe00000| Untracked 
|2047|0x00000007fff00000, 0x00000007fff7d000, 0x0000000800000000| 48%|CA|  |TAMS 0x00000007fff00000, 0x00000007fff00000| Untracked 

Card table byte_map: [0x00000001028e2000,0x0000000102ce2000] _byte_map_base: 0x00000000fece2000

Marking Bits (Prev, Next): (CMBitMap*) 0x00007ff1d9008610, (CMBitMap*) 0x00007ff1d9008650
 Prev Bits: [0x000000011b791000, 0x000000011d791000)
 Next Bits: [0x000000011d791000, 0x000000011f791000)

Polling page: 0x00000001021d9000

Metaspace:

Usage:
  Non-class:     11.98 MB used.
      Class:      1.76 MB used.
       Both:     13.74 MB used.

Virtual space:
  Non-class space:       64.00 MB reserved,      12.12 MB ( 19%) committed,  1 nodes.
      Class space:        1.00 GB reserved,       1.94 MB ( <1%) committed,  1 nodes.
             Both:        1.06 GB reserved,      14.06 MB (  1%) committed. 

Chunk freelists:
   Non-Class:  3.00 MB
       Class:  2.10 MB
        Both:  5.10 MB

MaxMetaspaceSize: unlimited
CompressedClassSpaceSize: 1.00 GB
Initial GC threshold: 21.00 MB
Current GC threshold: 21.00 MB
CDS: on
MetaspaceReclaimPolicy: balanced
 - commit_granule_bytes: 65536.
 - commit_granule_words: 8192.
 - virtual_space_node_default_size: 8388608.
 - enlarge_chunks_in_place: 1.
 - new_chunks_are_fully_committed: 0.
 - uncommit_free_chunks: 1.
 - use_allocation_guard: 0.


Internal statistics:

num_allocs_failed_limit: 0.
num_arena_births: 350.
num_arena_deaths: 0.
num_vsnodes_births: 2.
num_vsnodes_deaths: 0.
num_space_committed: 225.
num_space_uncommitted: 0.
num_chunks_returned_to_freelist: 0.
num_chunks_taken_from_freelist: 732.
num_chunk_merges: 0.
num_chunk_splits: 517.
num_chunks_enlarged: 397.
num_inconsistent_stats: 0.

CodeHeap 'non-profiled nmethods': size=120028Kb used=817Kb max_used=817Kb free=119210Kb
 bounds [0x000000011425a000, 0x00000001144ca000, 0x000000011b791000]
CodeHeap 'profiled nmethods': size=120028Kb used=3293Kb max_used=3293Kb free=116734Kb
 bounds [0x000000010c791000, 0x000000010cad1000, 0x0000000113cc8000]
CodeHeap 'non-nmethods': size=5704Kb used=1477Kb max_used=1501Kb free=4226Kb
 bounds [0x0000000113cc8000, 0x0000000113f38000, 0x000000011425a000]
 total_blobs=2785 nmethods=2022 adapters=674
 compilation: enabled
              stopped_count=0, restarted_count=0
 full_count=0

Compilation events (20 events):
Event: 5.936 Thread 0x00007ff1d98a6800 2012       1       java.util.logging.LogManager$LoggerContext::getOwner (5 bytes)
Event: 5.936 Thread 0x00007ff1d98a6800 nmethod 2012 0x0000000114325910 code [0x0000000114325aa0, 0x0000000114325b70]
Event: 6.011 Thread 0x00007ff1d98a6800 2013   !   3       java.lang.invoke.BoundMethodHandle$Species_L::copyWithExtendL (31 bytes)
Event: 6.012 Thread 0x00007ff1d98a6800 nmethod 2013 0x000000010cac3190 code [0x000000010cac33e0, 0x000000010cac3f00]
Event: 6.015 Thread 0x00007ff1d98a6800 2014       3       jdk.internal.org.objectweb.asm.Type::getObjectType (31 bytes)
Event: 6.015 Thread 0x00007ff1d98a6800 nmethod 2014 0x000000010cac4210 code [0x000000010cac4440, 0x000000010cac4cb0]
Event: 6.019 Thread 0x00007ff1d98a6800 2015       1       java.util.logging.Logger::getName (5 bytes)
Event: 6.019 Thread 0x00007ff1d98a6800 nmethod 2015 0x0000000114325c10 code [0x0000000114325da0, 0x0000000114325e70]
Event: 6.027 Thread 0x00007ff1d98a6800 2016       3       java.lang.invoke.MethodHandles$Lookup::checkMethod (87 bytes)
Event: 6.028 Thread 0x00007ff1d98a6800 nmethod 2016 0x000000010cac5090 code [0x000000010cac52c0, 0x000000010cac5a30]
Event: 6.028 Thread 0x00007ff1d98a6800 2017       3       java.lang.invoke.MethodHandles$Lookup::maybeBindCaller (72 bytes)
Event: 6.028 Thread 0x00007ff1d98a6800 nmethod 2017 0x000000010cac5c90 code [0x000000010cac5ec0, 0x000000010cac6780]
Event: 6.039 Thread 0x00007ff1d98a6800 2018       3       java.lang.Module::isStaticallyExportedOrOpen (70 bytes)
Event: 6.040 Thread 0x00007ff1d98a6800 nmethod 2018 0x000000010cac6a90 code [0x000000010cac6ca0, 0x000000010cac7390]
Event: 6.040 Thread 0x00007ff1d98a6800 2019       3       java.lang.invoke.StringConcatFactory::classIndex (72 bytes)
Event: 6.041 Thread 0x00007ff1d98a6800 nmethod 2019 0x000000010cac7510 code [0x000000010cac7780, 0x000000010cac8050]
Event: 6.052 Thread 0x00007ff1d98a6200 2021       4       java.lang.Object::<init> (1 bytes)
Event: 6.052 Thread 0x00007ff1d98a6200 nmethod 2021 0x0000000114326290 code [0x0000000114326420, 0x00000001143264d8]
Event: 6.085 Thread 0x00007ff1d98a6800 2022       3       java.lang.invoke.InfoFromMemberName::getDeclaringClass (8 bytes)
Event: 6.086 Thread 0x00007ff1d98a6800 nmethod 2022 0x000000010cac8310 code [0x000000010cac84a0, 0x000000010cac85d0]

GC Heap History (2 events):
Event: 0.981 GC heap before
{Heap before GC invocations=0 (full 0):
 garbage-first heap   total 133120K, used 23504K [0x0000000780000000, 0x0000000800000000)
  region size 1024K, 23 young (23552K), 0 survivors (0K)
 Metaspace       used 7621K, committed 7872K, reserved 1114112K
  class space    used 937K, committed 1024K, reserved 1048576K
}
Event: 0.984 GC heap after
{Heap after GC invocations=1 (full 0):
 garbage-first heap   total 133120K, used 4219K [0x0000000780000000, 0x0000000800000000)
  region size 1024K, 3 young (3072K), 3 survivors (3072K)
 Metaspace       used 7621K, committed 7872K, reserved 1114112K
  class space    used 937K, committed 1024K, reserved 1048576K
}

Dll operation events (16 events):
Event: 0.018 Loaded shared library /Users/lorie/Library/Java/JavaVirtualMachines/corretto-19.0.2/Contents/Home/lib/libjava.dylib
Event: 0.045 Loaded shared library /Users/lorie/Library/Java/JavaVirtualMachines/corretto-19.0.2/Contents/Home/lib/libnio.dylib
Event: 0.067 Loaded shared library /Users/lorie/Library/Java/JavaVirtualMachines/corretto-19.0.2/Contents/Home/lib/libzip.dylib
Event: 0.111 Loaded shared library /Users/lorie/Library/Java/JavaVirtualMachines/corretto-19.0.2/Contents/Home/lib/libnet.dylib
Event: 0.150 Loaded shared library /Users/lorie/Library/Java/JavaVirtualMachines/corretto-19.0.2/Contents/Home/lib/libzip.dylib
Event: 0.152 Loaded shared library /Users/lorie/Library/Java/JavaVirtualMachines/corretto-19.0.2/Contents/Home/lib/libinstrument.dylib
Event: 0.283 Loading shared library /Users/lorie/.m2/repository/org/openjfx/javafx-graphics/17.0.2/libprism_es2.dylib failed, dlopen(/Users/lorie/.m2/repository/org/openjfx/javafx-graphics/17.0.2/libprism_es2.dylib, 0x0001): tried: '/Users/lorie/.m2/repository/org/ope
Event: 0.363 Loaded shared library /Users/lorie/.openjfx/cache/17.0.2-ea/libprism_es2.dylib
Event: 0.517 Loading shared library /Users/lorie/.m2/repository/org/openjfx/javafx-graphics/17.0.2/libglass.dylib failed, dlopen(/Users/lorie/.m2/repository/org/openjfx/javafx-graphics/17.0.2/libglass.dylib, 0x0001): tried: '/Users/lorie/.m2/repository/org/openjfx/jav
Event: 0.585 Loaded shared library /Users/lorie/.openjfx/cache/17.0.2-ea/libglass.dylib
Event: 0.848 Loaded shared library /Users/lorie/Library/Java/JavaVirtualMachines/corretto-19.0.2/Contents/Home/lib/libjimage.dylib
Event: 1.021 Loading shared library /Users/lorie/.m2/repository/org/openjfx/javafx-graphics/17.0.2/libjavafx_font.dylib failed, dlopen(/Users/lorie/.m2/repository/org/openjfx/javafx-graphics/17.0.2/libjavafx_font.dylib, 0x0001): tried: '/Users/lorie/.m2/repository/org
Event: 1.060 Loaded shared library /Users/lorie/.openjfx/cache/17.0.2-ea/libjavafx_font.dylib
Event: 5.959 Loaded shared library /Users/lorie/Library/Java/JavaVirtualMachines/corretto-19.0.2/Contents/Home/lib/libawt.dylib
Event: 6.008 Loaded shared library /Users/lorie/Library/Java/JavaVirtualMachines/corretto-19.0.2/Contents/Home/lib/libawt_lwawt.dylib
Event: 6.076 Loaded shared library /Users/lorie/Library/Java/JavaVirtualMachines/corretto-19.0.2/Contents/Home/lib/libfontmanager.dylib

Deoptimization events (20 events):
Event: 3.443 Thread 0x00007ff1db8c2200 DEOPT PACKING pc=0x000000010c9fb269 sp=0x00007000105d8670
Event: 3.443 Thread 0x00007ff1db8c2200 DEOPT UNPACKING pc=0x0000000113d2ea2f sp=0x00007000105d7af8 mode 0
Event: 3.444 Thread 0x00007ff1db8c2200 DEOPT PACKING pc=0x000000010c9fb269 sp=0x00007000105d8670
Event: 3.444 Thread 0x00007ff1db8c2200 DEOPT UNPACKING pc=0x0000000113d2ea2f sp=0x00007000105d7af8 mode 0
Event: 3.610 Thread 0x00007ff1db8c2200 DEOPT PACKING pc=0x000000010ca416e1 sp=0x00007000105d8750
Event: 3.610 Thread 0x00007ff1db8c2200 DEOPT UNPACKING pc=0x0000000113d2ea2f sp=0x00007000105d7b28 mode 0
Event: 3.615 Thread 0x00007ff1db8c2200 DEOPT PACKING pc=0x000000010ca28c6d sp=0x00007000105d8870
Event: 3.615 Thread 0x00007ff1db8c2200 DEOPT UNPACKING pc=0x0000000113d2ea2f sp=0x00007000105d7cc8 mode 0
Event: 3.627 Thread 0x00007ff1db8c2200 DEOPT PACKING pc=0x000000010ca0f003 sp=0x00007000105d89d0
Event: 3.627 Thread 0x00007ff1db8c2200 DEOPT UNPACKING pc=0x0000000113d2ea2f sp=0x00007000105d7e10 mode 0
Event: 3.642 Thread 0x00007ff1db8c2200 DEOPT PACKING pc=0x000000010ca2f640 sp=0x00007000105d8990
Event: 3.642 Thread 0x00007ff1db8c2200 DEOPT UNPACKING pc=0x0000000113d2ea2f sp=0x00007000105d7e40 mode 0
Event: 3.659 Thread 0x00007ff1db8c2200 DEOPT PACKING pc=0x000000010ca2f640 sp=0x00007000105d8700
Event: 3.659 Thread 0x00007ff1db8c2200 DEOPT UNPACKING pc=0x0000000113d2ea2f sp=0x00007000105d7bb0 mode 0
Event: 3.676 Thread 0x00007ff1db8c2200 DEOPT PACKING pc=0x000000010ca2875e sp=0x00007000105d8870
Event: 3.676 Thread 0x00007ff1db8c2200 DEOPT UNPACKING pc=0x0000000113d2ea2f sp=0x00007000105d7cc8 mode 0
Event: 3.676 Thread 0x00007ff1db8c2200 DEOPT PACKING pc=0x000000010ca2f640 sp=0x00007000105d8990
Event: 3.676 Thread 0x00007ff1db8c2200 DEOPT UNPACKING pc=0x0000000113d2ea2f sp=0x00007000105d7e40 mode 0
Event: 3.689 Thread 0x00007ff1db8c2200 DEOPT PACKING pc=0x000000010ca2875e sp=0x00007000105d8870
Event: 3.689 Thread 0x00007ff1db8c2200 DEOPT UNPACKING pc=0x0000000113d2ea2f sp=0x00007000105d7cc8 mode 0

Classes loaded (20 events):
Event: 6.081 Loading class sun/awt/AWTAccessor$InputEventAccessor done
Event: 6.081 Loading class java/awt/event/InputEvent$1 done
Event: 6.082 Loading class sun/lwawt/macosx/LWCToolkit$2
Event: 6.082 Loading class sun/lwawt/macosx/LWCToolkit$2 done
Event: 6.082 Loading class java/awt/Toolkit$DesktopPropertyChangeSupport
Event: 6.082 Loading class java/beans/PropertyChangeSupport
Event: 6.082 Loading class java/beans/PropertyChangeSupport done
Event: 6.082 Loading class java/awt/Toolkit$DesktopPropertyChangeSupport done
Event: 6.082 Loading class java/beans/PropertyChangeSupport$PropertyChangeListenerMap
Event: 6.082 Loading class java/beans/ChangeListenerMap
Event: 6.083 Loading class java/beans/ChangeListenerMap done
Event: 6.083 Loading class java/beans/PropertyChangeSupport$PropertyChangeListenerMap done
Event: 6.084 Loading class java/beans/PropertyChangeListener
Event: 6.085 Loading class java/beans/PropertyChangeListener done
Event: 6.085 Loading class sun/awt/SunToolkit$ModalityListenerList
Event: 6.085 Loading class sun/awt/ModalityListener
Event: 6.085 Loading class sun/awt/ModalityListener done
Event: 6.085 Loading class sun/awt/SunToolkit$ModalityListenerList done
Event: 6.086 Loading class sun/awt/util/ThreadGroupUtils
Event: 6.087 Loading class sun/awt/util/ThreadGroupUtils done

Classes unloaded (0 events):
No events

Classes redefined (0 events):
No events

Internal exceptions (20 events):
Event: 1.126 Thread 0x00007ff1db011c00 Exception <a 'java/lang/NoSuchMethodError'{0x0000000787992e80}: 'void java.lang.invoke.Invokers$Holder.invokeExact_MT(java.lang.Object, java.lang.Object, java.lang.Object, java.lang.Object)'> (0x0000000787992e80) 
thrown [src/hotspot/share/interpreter/linkResolver.cpp, line 774]
Event: 1.136 Thread 0x00007ff1db011c00 Exception <a 'java/lang/NoSuchMethodError'{0x00000007879cf698}: 'void java.lang.invoke.DirectMethodHandle$Holder.invokeSpecial(java.lang.Object, java.lang.Object, double)'> (0x00000007879cf698) 
thrown [src/hotspot/share/interpreter/linkResolver.cpp, line 774]
Event: 1.136 Thread 0x00007ff1db011c00 Exception <a 'java/lang/NoSuchMethodError'{0x00000007879d6b00}: 'void java.lang.invoke.DelegatingMethodHandle$Holder.reinvoke_L(java.lang.Object, java.lang.Object, double)'> (0x00000007879d6b00) 
thrown [src/hotspot/share/interpreter/linkResolver.cpp, line 774]
Event: 1.149 Thread 0x00007ff1db011c00 Exception <a 'sun/nio/fs/UnixException'{0x000000078785d9a0}> (0x000000078785d9a0) 
thrown [src/hotspot/share/prims/jni.cpp, line 517]
Event: 1.183 Thread 0x00007ff1db011c00 Implicit null exception at 0x00000001142b10af to 0x00000001142b134c
Event: 1.246 Thread 0x00007ff1db011c00 Implicit null exception at 0x00000001142ac294 to 0x00000001142ac968
Event: 1.423 Thread 0x00007ff1db011c00 Exception <a 'java/lang/NoSuchMethodError'{0x000000078722cf08}: 'java.lang.Object java.lang.invoke.DirectMethodHandle$Holder.invokeInterface(java.lang.Object, java.lang.Object, java.lang.Object)'> (0x000000078722cf08) 
thrown [src/hotspot/share/interpreter/linkResolver.cpp, line 774]
Event: 1.424 Thread 0x00007ff1db011c00 Exception <a 'java/lang/IncompatibleClassChangeError'{0x0000000787230898}: Found class java.lang.Object, but interface was expected> (0x0000000787230898) 
thrown [src/hotspot/share/interpreter/linkResolver.cpp, line 841]
Event: 1.465 Thread 0x00007ff1db011c00 Exception <a 'java/lang/NoSuchMethodError'{0x00000007871c3760}: 'int java.lang.invoke.DirectMethodHandle$Holder.invokeSpecial(java.lang.Object, java.lang.Object, int)'> (0x00000007871c3760) 
thrown [src/hotspot/share/interpreter/linkResolver.cpp, line 774]
Event: 1.465 Thread 0x00007ff1db011c00 Exception <a 'java/lang/NoSuchMethodError'{0x00000007871cace0}: 'int java.lang.invoke.DirectMethodHandle$Holder.invokeSpecial(java.lang.Object, java.lang.Object, java.lang.Object, int)'> (0x00000007871cace0) 
thrown [src/hotspot/share/interpreter/linkResolver.cpp, line 774]
Event: 1.475 Thread 0x00007ff1db011c00 Exception <a 'java/lang/NoSuchMethodError'{0x0000000787047c28}: 'java.lang.Object java.lang.invoke.DirectMethodHandle$Holder.newInvokeSpecial(java.lang.Object, java.lang.Object, int)'> (0x0000000787047c28) 
thrown [src/hotspot/share/interpreter/linkResolver.cpp, line 774]
Event: 1.566 Thread 0x00007ff1db8c2200 Exception <a 'java/lang/NoSuchMethodError'{0x0000000786fa3ac0}: 'int java.lang.invoke.DirectMethodHandle$Holder.invokeStaticInit(java.lang.Object, java.lang.Object)'> (0x0000000786fa3ac0) 
thrown [src/hotspot/share/interpreter/linkResolver.cpp, line 774]
Event: 4.360 Thread 0x00007ff1db011c00 Exception <a 'java/lang/NoSuchMethodError'{0x0000000786bda0b8}: 'long java.lang.invoke.DirectMethodHandle$Holder.invokeStatic(java.lang.Object, java.lang.Object, java.lang.Object)'> (0x0000000786bda0b8) 
thrown [src/hotspot/share/interpreter/linkResolver.cpp, line 774]
Event: 4.361 Thread 0x00007ff1db011c00 Exception <a 'java/lang/NoSuchMethodError'{0x0000000786bdd730}: 'long java.lang.invoke.DirectMethodHandle$Holder.invokeStaticInit(java.lang.Object, java.lang.Object, java.lang.Object)'> (0x0000000786bdd730) 
thrown [src/hotspot/share/interpreter/linkResolver.cpp, line 774]
Event: 4.363 Thread 0x00007ff1db011c00 Exception <a 'java/lang/NoSuchMethodError'{0x0000000786bf5ad8}: 'java.lang.Object java.lang.invoke.DirectMethodHandle$Holder.newInvokeSpecial(java.lang.Object, java.lang.Object, long)'> (0x0000000786bf5ad8) 
thrown [src/hotspot/share/interpreter/linkResolver.cpp, line 774]
Event: 4.364 Thread 0x00007ff1db011c00 Exception <a 'java/lang/NoSuchMethodError'{0x0000000786bf93b0}: 'java.lang.Object java.lang.invoke.Invokers$Holder.linkToTargetMethod(java.lang.Object, long, java.lang.Object)'> (0x0000000786bf93b0) 
thrown [src/hotspot/share/interpreter/linkResolver.cpp, line 774]
Event: 5.937 Thread 0x00007ff1da809000 Exception <a 'java/lang/ClassNotFoundException'{0x0000000786aac108}: sun/awt/resources/spi/awtProvider> (0x0000000786aac108) 
thrown [src/hotspot/share/classfile/systemDictionary.cpp, line 255]
Event: 6.011 Thread 0x00007ff1da809000 Exception <a 'java/io/FileNotFoundException'{0x0000000786ab0aa8}> (0x0000000786ab0aa8) 
thrown [src/hotspot/share/prims/jni.cpp, line 517]
Event: 6.012 Thread 0x00007ff1da809000 Exception <a 'java/io/FileNotFoundException'{0x0000000786ab1ce8}> (0x0000000786ab1ce8) 
thrown [src/hotspot/share/prims/jni.cpp, line 517]
Event: 6.050 Thread 0x00007ff1da809000 Exception <a 'java/lang/ClassNotFoundException'{0x0000000786acf8b8}: sun/awt/resources/spi/awtosxProvider> (0x0000000786acf8b8) 
thrown [src/hotspot/share/classfile/systemDictionary.cpp, line 255]

VM Operations (20 events):
Event: 0.969 Executing VM operation: HandshakeAllThreads
Event: 0.969 Executing VM operation: HandshakeAllThreads done
Event: 0.981 Executing VM operation: G1CollectForAllocation
Event: 0.984 Executing VM operation: G1CollectForAllocation done
Event: 1.065 Executing VM operation: HandshakeAllThreads
Event: 1.065 Executing VM operation: HandshakeAllThreads done
Event: 1.410 Executing VM operation: HandshakeAllThreads
Event: 1.410 Executing VM operation: HandshakeAllThreads done
Event: 1.577 Executing VM operation: HandshakeAllThreads
Event: 1.577 Executing VM operation: HandshakeAllThreads done
Event: 2.578 Executing VM operation: Cleanup
Event: 2.578 Executing VM operation: Cleanup done
Event: 3.583 Executing VM operation: Cleanup
Event: 3.583 Executing VM operation: Cleanup done
Event: 4.587 Executing VM operation: Cleanup
Event: 4.588 Executing VM operation: Cleanup done
Event: 5.592 Executing VM operation: Cleanup
Event: 5.592 Executing VM operation: Cleanup done
Event: 6.045 Executing VM operation: HandshakeAllThreads
Event: 6.045 Executing VM operation: HandshakeAllThreads done

Events (20 events):
Event: 1.592 Thread 0x00007ff1dd022a00 Thread added: 0x00007ff1dd022a00
Event: 1.592 Protecting memory [0x0000700011081000,0x0000700011085000] with protection modes 0
Event: 1.834 Protecting memory [0x00007000106e0000,0x00007000106e4000] with protection modes 3
Event: 1.834 Thread 0x00007ff1db90aa00 Thread exited: 0x00007ff1db90aa00
Event: 3.384 Protecting memory [0x00007000106e0000,0x00007000106e4000] with protection modes 0
Event: 3.384 Thread 0x00007ff1d9f0c800 Thread added: 0x00007ff1d9f0c800
Event: 3.958 Protecting memory [0x00007000106e0000,0x00007000106e4000] with protection modes 3
Event: 3.958 Thread 0x00007ff1d9f0c800 Thread exited: 0x00007ff1d9f0c800
Event: 4.076 Protecting memory [0x00007000106e0000,0x00007000106e4000] with protection modes 0
Event: 4.076 Thread 0x00007ff1d9eeaa00 Thread added: 0x00007ff1d9eeaa00
Event: 5.592 Protecting memory [0x00007000106e0000,0x00007000106e4000] with protection modes 3
Event: 5.592 Thread 0x00007ff1d9eeaa00 Thread exited: 0x00007ff1d9eeaa00
Event: 5.914 Protecting memory [0x00007000106e0000,0x00007000106e4000] with protection modes 0
Event: 5.914 Thread 0x00007ff1d9081e00 Thread added: 0x00007ff1d9081e00
Event: 5.927 Protecting memory [0x00007000104da000,0x00007000104de000] with protection modes 3
Event: 5.927 Protecting memory [0x0000700010866000,0x000070001086a000] with protection modes 3
Event: 5.927 Thread 0x00007ff1db8c2200 Thread exited: 0x00007ff1db8c2200
Event: 5.927 Thread 0x00007ff1db0fb200 Thread exited: 0x00007ff1db0fb200
Event: 5.928 Protecting memory [0x00007ff7bd578000,0x00007ff7bd57c000] with protection modes 3
Event: 5.928 Thread 0x00007ff1db011c00 Thread exited: 0x00007ff1db011c00


Dynamic libraries:
0x0000000102231000 	/Users/lorie/Library/Java/JavaVirtualMachines/corretto-19.0.2/Contents/Home/lib/libjli.dylib
0x00007ff8174bb000 	/usr/lib/libz.1.dylib
0x00007ff81759f000 	/usr/lib/libSystem.B.dylib
0x00007ff81759a000 	/usr/lib/system/libcache.dylib
0x00007ff817555000 	/usr/lib/system/libcommonCrypto.dylib
0x00007ff81757e000 	/usr/lib/system/libcompiler_rt.dylib
0x00007ff817574000 	/usr/lib/system/libcopyfile.dylib
0x00007ff80b69d000 	/usr/lib/system/libcorecrypto.dylib
0x00007ff80b761000 	/usr/lib/system/libdispatch.dylib
0x00007ff80b8e9000 	/usr/lib/system/libdyld.dylib
0x00007ff817590000 	/usr/lib/system/libkeymgr.dylib
0x00007ff817534000 	/usr/lib/system/libmacho.dylib
0x00007ff816b08000 	/usr/lib/system/libquarantine.dylib
0x00007ff81758e000 	/usr/lib/system/libremovefile.dylib
0x00007ff8105ae000 	/usr/lib/system/libsystem_asl.dylib
0x00007ff80b63f000 	/usr/lib/system/libsystem_blocks.dylib
0x00007ff80b7ab000 	/usr/lib/system/libsystem_c.dylib
0x00007ff817586000 	/usr/lib/system/libsystem_collections.dylib
0x00007ff815d97000 	/usr/lib/system/libsystem_configuration.dylib
0x00007ff814e0f000 	/usr/lib/system/libsystem_containermanager.dylib
0x00007ff8171f3000 	/usr/lib/system/libsystem_coreservices.dylib
0x00007ff80e62b000 	/usr/lib/system/libsystem_darwin.dylib
0x00007ff817591000 	/usr/lib/system/libsystem_dnssd.dylib
0x00007ff80b7a8000 	/usr/lib/system/libsystem_featureflags.dylib
0x00007ff80b914000 	/usr/lib/system/libsystem_info.dylib
0x00007ff8174ce000 	/usr/lib/system/libsystem_m.dylib
0x00007ff80b734000 	/usr/lib/system/libsystem_malloc.dylib
0x00007ff81053d000 	/usr/lib/system/libsystem_networkextension.dylib
0x00007ff80ea70000 	/usr/lib/system/libsystem_notify.dylib
0x00007ff815d9b000 	/usr/lib/system/libsystem_sandbox.dylib
0x00007ff81758b000 	/usr/lib/system/libsystem_secinit.dylib
0x00007ff80b8a3000 	/usr/lib/system/libsystem_kernel.dylib
0x00007ff80b90a000 	/usr/lib/system/libsystem_platform.dylib
0x00007ff80b8dd000 	/usr/lib/system/libsystem_pthread.dylib
0x00007ff811f06000 	/usr/lib/system/libsystem_symptoms.dylib
0x00007ff80b683000 	/usr/lib/system/libsystem_trace.dylib
0x00007ff817561000 	/usr/lib/system/libunwind.dylib
0x00007ff80b643000 	/usr/lib/system/libxpc.dylib
0x00007ff80b88d000 	/usr/lib/libc++abi.dylib
0x00007ff80b56e000 	/usr/lib/libobjc.A.dylib
0x00007ff81756c000 	/usr/lib/liboah.dylib
0x00007ff80b834000 	/usr/lib/libc++.1.dylib
0x00007ff82396f000 	/System/Library/Frameworks/Cocoa.framework/Versions/A/Cocoa
0x00007ff80eacf000 	/System/Library/Frameworks/AppKit.framework/Versions/C/AppKit
0x00007ff81168c000 	/System/Library/Frameworks/CoreData.framework/Versions/A/CoreData
0x00007ff80c7ba000 	/System/Library/Frameworks/Foundation.framework/Versions/C/Foundation
0x00007ff80fad8000 	/System/Library/PrivateFrameworks/UIFoundation.framework/Versions/A/UIFoundation
0x00007ffb0dab2000 	/System/Library/PrivateFrameworks/CollectionViewCore.framework/Versions/A/CollectionViewCore
0x00007ff81d92d000 	/System/Library/PrivateFrameworks/RemoteViewServices.framework/Versions/A/RemoteViewServices
0x00007ff8155e7000 	/System/Library/PrivateFrameworks/XCTTargetBootstrap.framework/Versions/A/XCTTargetBootstrap
0x00007ff819410000 	/System/Library/PrivateFrameworks/InternationalSupport.framework/Versions/A/InternationalSupport
0x00007ff819499000 	/System/Library/PrivateFrameworks/UserActivity.framework/Versions/A/UserActivity
0x00007ffb23d84000 	/System/Library/PrivateFrameworks/WindowManagement.framework/Versions/A/WindowManagement
0x00007ff80c4a4000 	/System/Library/Frameworks/SystemConfiguration.framework/Versions/A/SystemConfiguration
0x00007ff818808000 	/usr/lib/libspindump.dylib
0x00007ff80fca6000 	/System/Library/Frameworks/UniformTypeIdentifiers.framework/Versions/A/UniformTypeIdentifiers
0x00007ff813ac7000 	/usr/lib/libapp_launch_measurement.dylib
0x00007ff812c4d000 	/System/Library/PrivateFrameworks/CoreAnalytics.framework/Versions/A/CoreAnalytics
0x00007ff813aca000 	/System/Library/PrivateFrameworks/CoreAutoLayout.framework/Versions/A/CoreAutoLayout
0x00007ff814e5b000 	/System/Library/Frameworks/Metal.framework/Versions/A/Metal
0x00007ff815da6000 	/usr/lib/liblangid.dylib
0x00007ff8155ec000 	/System/Library/PrivateFrameworks/CoreSVG.framework/Versions/A/CoreSVG
0x00007ff8105e0000 	/System/Library/PrivateFrameworks/SkyLight.framework/Versions/A/SkyLight
0x00007ff8109ca000 	/System/Library/Frameworks/CoreGraphics.framework/Versions/A/CoreGraphics
0x00007ff81dfff000 	/System/Library/Frameworks/Accelerate.framework/Versions/A/Accelerate
0x00007ff81827d000 	/System/Library/PrivateFrameworks/IconServices.framework/Versions/A/IconServices
0x00007ff814e3e000 	/System/Library/Frameworks/IOSurface.framework/Versions/A/IOSurface
0x00007ff812c77000 	/usr/lib/libDiagnosticMessagesClient.dylib
0x00007ff821581000 	/System/Library/Frameworks/ApplicationServices.framework/Versions/A/ApplicationServices
0x00007ff8155d3000 	/System/Library/PrivateFrameworks/DFRFoundation.framework/Versions/A/DFRFoundation
0x00007ff80e397000 	/usr/lib/libicucore.A.dylib
0x00007ff81a2b3000 	/System/Library/Frameworks/AudioToolbox.framework/Versions/A/AudioToolbox
0x00007ff81941b000 	/System/Library/PrivateFrameworks/DataDetectorsCore.framework/Versions/A/DataDetectorsCore
0x00007ff910a89000 	/System/Library/PrivateFrameworks/TextInput.framework/Versions/A/TextInput
0x00007ff810555000 	/usr/lib/libMobileGestalt.dylib
0x00007ff8152db000 	/System/Library/Frameworks/Carbon.framework/Versions/A/Frameworks/HIToolbox.framework/Versions/A/HIToolbox
0x00007ff813468000 	/System/Library/Frameworks/QuartzCore.framework/Versions/A/QuartzCore
0x00007ff80e015000 	/System/Library/Frameworks/Security.framework/Versions/A/Security
0x00007ff81d965000 	/System/Library/Frameworks/Carbon.framework/Versions/A/Frameworks/SpeechRecognition.framework/Versions/A/SpeechRecognition
0x00007ff813807000 	/System/Library/PrivateFrameworks/CoreUI.framework/Versions/A/CoreUI
0x00007ff80d8f6000 	/System/Library/Frameworks/CoreAudio.framework/Versions/A/CoreAudio
0x00007ff812d51000 	/System/Library/Frameworks/DiskArbitration.framework/Versions/A/DiskArbitration
0x00007ff818c2a000 	/System/Library/PrivateFrameworks/MultitouchSupport.framework/Versions/A/MultitouchSupport
0x00007ff810554000 	/usr/lib/libenergytrace.dylib
0x00007ff80e9b1000 	/System/Library/Frameworks/IOKit.framework/Versions/A/IOKit
0x00007ff81dd5e000 	/System/Library/Frameworks/CoreServices.framework/Versions/A/CoreServices
0x00007ff813a5f000 	/System/Library/PrivateFrameworks/PerformanceAnalysis.framework/Versions/A/PerformanceAnalysis
0x00007ffa20fed000 	/System/Library/Frameworks/OpenGL.framework/Versions/A/OpenGL
0x00007ff813b12000 	/usr/lib/libxml2.2.dylib
0x00007ff816a1b000 	/System/Library/PrivateFrameworks/MobileKeyBag.framework/Versions/A/MobileKeyBag
0x00007ff8110ee000 	/System/Library/Frameworks/ColorSync.framework/Versions/A/ColorSync
0x00007ff80b93f000 	/System/Library/Frameworks/CoreFoundation.framework/Versions/A/CoreFoundation
0x00007ff815983000 	/System/Library/Frameworks/CoreImage.framework/Versions/A/CoreImage
0x00007ff80d707000 	/System/Library/Frameworks/CoreText.framework/Versions/A/CoreText
0x00007ff815624000 	/System/Library/Frameworks/ImageIO.framework/Versions/A/ImageIO
0x00007ff8175a5000 	/System/Library/PrivateFrameworks/SoftLinking.framework/Versions/A/SoftLinking
0x00007ff817827000 	/usr/lib/libcompression.dylib
0x00007ff819342000 	/System/Library/PrivateFrameworks/TextureIO.framework/Versions/A/TextureIO
0x00007ff817f46000 	/usr/lib/libate.dylib
0x00007ff817cf3000 	/usr/lib/liblzma.5.dylib
0x00007ff8175a1000 	/usr/lib/libfakelink.dylib
0x00007ff810197000 	/System/Library/Frameworks/CFNetwork.framework/Versions/A/CFNetwork
0x00007ff8176de000 	/usr/lib/libarchive.2.dylib
0x00007ff81bc06000 	/System/Library/Frameworks/Combine.framework/Versions/A/Combine
0x00007ff819d2b000 	/usr/lib/swift/libswiftCore.dylib
0x00007ff90dace000 	/usr/lib/swift/libswiftCoreFoundation.dylib
0x00007ff90ba87000 	/usr/lib/swift/libswiftDarwin.dylib
0x00007ff81f580000 	/usr/lib/swift/libswiftDispatch.dylib
0x00007ff90daea000 	/usr/lib/swift/libswiftIOKit.dylib
0x00007ff8219ba000 	/usr/lib/swift/libswiftObjectiveC.dylib
0x00007ff90dadf000 	/usr/lib/swift/libswiftXPC.dylib
0x00007ffb2a65e000 	/usr/lib/swift/libswift_Concurrency.dylib
0x00007ffb2a79d000 	/usr/lib/swift/libswift_StringProcessing.dylib
0x00007ff8219be000 	/usr/lib/swift/libswiftos.dylib
0x00007ff80e932000 	/System/Library/PrivateFrameworks/CoreServicesInternal.framework/Versions/A/CoreServicesInternal
0x00007ff816b2f000 	/usr/lib/libbsm.0.dylib
0x00007ff817539000 	/usr/lib/system/libkxld.dylib
0x00007ff813a93000 	/System/Library/Frameworks/CoreServices.framework/Versions/A/Frameworks/FSEvents.framework/Versions/A/FSEvents
0x00007ff80e636000 	/System/Library/Frameworks/CoreServices.framework/Versions/A/Frameworks/CarbonCore.framework/Versions/A/CarbonCore
0x00007ff812cba000 	/System/Library/Frameworks/CoreServices.framework/Versions/A/Frameworks/Metadata.framework/Versions/A/Metadata
0x00007ff8171f9000 	/System/Library/Frameworks/CoreServices.framework/Versions/A/Frameworks/OSServices.framework/Versions/A/OSServices
0x00007ff817766000 	/System/Library/Frameworks/CoreServices.framework/Versions/A/Frameworks/SearchKit.framework/Versions/A/SearchKit
0x00007ff811e8d000 	/System/Library/Frameworks/CoreServices.framework/Versions/A/Frameworks/AE.framework/Versions/A/AE
0x00007ff80bdd9000 	/System/Library/Frameworks/CoreServices.framework/Versions/A/Frameworks/LaunchServices.framework/Versions/A/LaunchServices
0x00007ff817ca4000 	/System/Library/Frameworks/CoreServices.framework/Versions/A/Frameworks/DictionaryServices.framework/Versions/A/DictionaryServices
0x00007ff813aa0000 	/System/Library/Frameworks/CoreServices.framework/Versions/A/Frameworks/SharedFileList.framework/Versions/A/SharedFileList
0x00007ff8177f2000 	/usr/lib/libapple_nghttp2.dylib
0x00007ff810193000 	/usr/lib/libnetwork.dylib
0x00007ff811b05000 	/usr/lib/libsqlite3.dylib
0x00007ff811f0e000 	/System/Library/Frameworks/Network.framework/Versions/A/Network
0x00007ffb29648000 	/usr/lib/libCoreEntitlements.dylib
0x00007ffb16f83000 	/System/Library/PrivateFrameworks/MessageSecurity.framework/Versions/A/MessageSecurity
0x00007ff811aec000 	/System/Library/PrivateFrameworks/ProtocolBuffer.framework/Versions/A/ProtocolBuffer
0x00007ff8171d2000 	/System/Library/PrivateFrameworks/AppleFSCompression.framework/Versions/A/AppleFSCompression
0x00007ff816b17000 	/usr/lib/libcoretls.dylib
0x00007ff817d0d000 	/usr/lib/libcoretls_cfhelpers.dylib
0x00007ff817821000 	/usr/lib/libpam.2.dylib
0x00007ff817d7b000 	/usr/lib/libxar.1.dylib
0x00007ff818259000 	/usr/lib/libheimdal-asn1.dylib
0x00007ff8175a6000 	/usr/lib/libpcap.A.dylib
0x00007ff811efd000 	/usr/lib/libdns_services.dylib
0x00007ff815da2000 	/System/Library/PrivateFrameworks/AppleSystemInfo.framework/Versions/A/AppleSystemInfo
0x00007ff816824000 	/System/Library/PrivateFrameworks/IOMobileFramebuffer.framework/Versions/A/IOMobileFramebuffer
0x00007ff8171e3000 	/usr/lib/libbz2.1.0.dylib
0x00007ff816b0b000 	/usr/lib/libCheckFix.dylib
0x00007ff8105c5000 	/System/Library/PrivateFrameworks/TCC.framework/Versions/A/TCC
0x00007ff815da8000 	/System/Library/PrivateFrameworks/CoreNLP.framework/Versions/A/CoreNLP
0x00007ff812c79000 	/System/Library/PrivateFrameworks/MetadataUtilities.framework/Versions/A/MetadataUtilities
0x00007ff816b3f000 	/usr/lib/libmecab.dylib
0x00007ff80c523000 	/usr/lib/libCRFSuite.dylib
0x00007ff816b99000 	/usr/lib/libgermantok.dylib
0x00007ff8177cd000 	/usr/lib/libThaiTokenizer.dylib
0x00007ff812d59000 	/System/Library/Frameworks/Accelerate.framework/Versions/A/Frameworks/vImage.framework/Versions/A/vImage
0x00007ff81dd31000 	/System/Library/Frameworks/Accelerate.framework/Versions/A/Frameworks/vecLib.framework/Versions/A/vecLib
0x00007ff817dbd000 	/System/Library/Frameworks/Accelerate.framework/Versions/A/Frameworks/vecLib.framework/Versions/A/libvMisc.dylib
0x00007ff816649000 	/System/Library/Frameworks/Accelerate.framework/Versions/A/Frameworks/vecLib.framework/Versions/A/libvDSP.dylib
0x00007ff80c195000 	/System/Library/Frameworks/Accelerate.framework/Versions/A/Frameworks/vecLib.framework/Versions/A/libBLAS.dylib
0x00007ff817905000 	/System/Library/Frameworks/Accelerate.framework/Versions/A/Frameworks/vecLib.framework/Versions/A/libLAPACK.dylib
0x00007ff816b9c000 	/System/Library/Frameworks/Accelerate.framework/Versions/A/Frameworks/vecLib.framework/Versions/A/libLinearAlgebra.dylib
0x00007ff81780a000 	/System/Library/Frameworks/Accelerate.framework/Versions/A/Frameworks/vecLib.framework/Versions/A/libSparseBLAS.dylib
0x00007ff8178ff000 	/System/Library/Frameworks/Accelerate.framework/Versions/A/Frameworks/vecLib.framework/Versions/A/libQuadrature.dylib
0x00007ff815e94000 	/System/Library/Frameworks/Accelerate.framework/Versions/A/Frameworks/vecLib.framework/Versions/A/libBNNS.dylib
0x00007ff80c42d000 	/System/Library/Frameworks/Accelerate.framework/Versions/A/Frameworks/vecLib.framework/Versions/A/libSparse.dylib
0x00007ffb16282000 	/System/Library/PrivateFrameworks/MIL.framework/Versions/A/MIL
0x00007ff8175db000 	/usr/lib/libiconv.2.dylib
0x00007ff817533000 	/usr/lib/libcharset.1.dylib
0x00007ff813a77000 	/System/Library/Frameworks/OpenDirectory.framework/Versions/A/Frameworks/CFOpenDirectory.framework/Versions/A/CFOpenDirectory
0x00007ff813a6b000 	/System/Library/Frameworks/OpenDirectory.framework/Versions/A/OpenDirectory
0x00007ff817d0f000 	/System/Library/PrivateFrameworks/APFS.framework/Versions/A/APFS
0x00007ff816a4e000 	/System/Library/Frameworks/SecurityFoundation.framework/Versions/A/SecurityFoundation
0x00007ff817d89000 	/usr/lib/libutil.dylib
0x00007ffb15413000 	/System/Library/PrivateFrameworks/InstalledContentLibrary.framework/Versions/A/InstalledContentLibrary
0x00007ff80e975000 	/System/Library/PrivateFrameworks/CoreServicesStore.framework/Versions/A/CoreServicesStore
0x00007ffb0c655000 	/System/Library/PrivateFrameworks/AppleMobileFileIntegrity.framework/Versions/A/AppleMobileFileIntegrity
0x00007ff90daae000 	/usr/lib/libmis.dylib
0x00007ff91c0e2000 	/System/Library/PrivateFrameworks/MobileSystemServices.framework/Versions/A/MobileSystemServices
0x00007ffa16310000 	/System/Library/PrivateFrameworks/ConfigProfileHelper.framework/Versions/A/ConfigProfileHelper
0x00007ff8177cf000 	/System/Library/PrivateFrameworks/AppleSauce.framework/Versions/A/AppleSauce
0x00007ff80d1cc000 	/System/Library/PrivateFrameworks/LanguageModeling.framework/Versions/A/LanguageModeling
0x00007ff817d8d000 	/usr/lib/libxslt.1.dylib
0x00007ff8176cd000 	/usr/lib/libcmph.dylib
0x00007ff816812000 	/System/Library/PrivateFrameworks/CoreEmoji.framework/Versions/A/CoreEmoji
0x00007ff815e8e000 	/System/Library/PrivateFrameworks/LinguisticData.framework/Versions/A/LinguisticData
0x00007ff80c3e3000 	/System/Library/PrivateFrameworks/Lexicon.framework/Versions/A/Lexicon
0x00007ff816adc000 	/System/Library/PrivateFrameworks/BackgroundTaskManagement.framework/Versions/A/BackgroundTaskManagement
0x00007ffb29782000 	/usr/lib/libTLE.dylib
0x00007ffb2a6e2000 	/usr/lib/swift/libswift_RegexParser.dylib
0x00007ff818af0000 	/System/Library/PrivateFrameworks/AppleJPEG.framework/Versions/A/AppleJPEG
0x00007ff81823e000 	/usr/lib/libexpat.1.dylib
0x00007ff81919e000 	/System/Library/Frameworks/ImageIO.framework/Versions/A/Resources/libPng.dylib
0x00007ff8191cb000 	/System/Library/Frameworks/ImageIO.framework/Versions/A/Resources/libTIFF.dylib
0x00007ff8192bc000 	/System/Library/Frameworks/ImageIO.framework/Versions/A/Resources/libGIF.dylib
0x00007ff818b3b000 	/System/Library/Frameworks/ImageIO.framework/Versions/A/Resources/libJP2.dylib
0x00007ff81925c000 	/System/Library/Frameworks/ImageIO.framework/Versions/A/Resources/libJPEG.dylib
0x00007ff819253000 	/System/Library/Frameworks/ImageIO.framework/Versions/A/Resources/libRadiance.dylib
0x00007ff815171000 	/System/Library/PrivateFrameworks/FontServices.framework/libFontParser.dylib
0x00007ff811e32000 	/System/Library/PrivateFrameworks/RunningBoardServices.framework/Versions/A/RunningBoardServices
0x00007ff823fac000 	/System/Library/PrivateFrameworks/IOSurfaceAccelerator.framework/Versions/A/IOSurfaceAccelerator
0x00007ff818c26000 	/System/Library/PrivateFrameworks/WatchdogClient.framework/Versions/A/WatchdogClient
0x00007ff80d32e000 	/System/Library/Frameworks/CoreDisplay.framework/Versions/A/CoreDisplay
0x00007ff815060000 	/System/Library/Frameworks/CoreMedia.framework/Versions/A/CoreMedia
0x00007ff814e52000 	/System/Library/PrivateFrameworks/IOAccelerator.framework/Versions/A/IOAccelerator
0x00007ff813bf1000 	/System/Library/Frameworks/CoreVideo.framework/Versions/A/CoreVideo
0x00007ff81781f000 	/System/Library/Frameworks/MetalPerformanceShaders.framework/Versions/A/MetalPerformanceShaders
0x00007ff818c63000 	/System/Library/Frameworks/VideoToolbox.framework/Versions/A/VideoToolbox
0x00007ff811d76000 	/System/Library/PrivateFrameworks/BaseBoard.framework/Versions/A/BaseBoard
0x00007ff81924c000 	/System/Library/PrivateFrameworks/GPUWrangler.framework/Versions/A/GPUWrangler
0x00007ff819230000 	/System/Library/PrivateFrameworks/IOPresentment.framework/Versions/A/IOPresentment
0x00007ff819256000 	/System/Library/PrivateFrameworks/DSExternalDisplay.framework/Versions/A/DSExternalDisplay
0x00007ffb11a82000 	/System/Library/PrivateFrameworks/GPUCompiler.framework/Versions/31001/Libraries/libllvm-flatbuffers.dylib
0x00007ffa20fe1000 	/System/Library/Frameworks/OpenGL.framework/Versions/A/Libraries/libCoreFSCache.dylib
0x00007ffb11a7e000 	/System/Library/PrivateFrameworks/GPUCompiler.framework/Versions/31001/Libraries/libGPUCompilerUtils.dylib
0x00007ff8192c2000 	/System/Library/PrivateFrameworks/CMCaptureCore.framework/Versions/A/CMCaptureCore
0x00007ffa268b1000 	/System/Library/Frameworks/ExtensionFoundation.framework/Versions/A/ExtensionFoundation
0x00007ff81fcfd000 	/System/Library/PrivateFrameworks/CoreTime.framework/Versions/A/CoreTime
0x00007ff8187f2000 	/System/Library/PrivateFrameworks/AppServerSupport.framework/Versions/A/AppServerSupport
0x00007ff81ab7e000 	/System/Library/PrivateFrameworks/perfdata.framework/Versions/A/perfdata
0x00007ff80d45a000 	/System/Library/PrivateFrameworks/AudioToolboxCore.framework/Versions/A/AudioToolboxCore
0x00007ff81503a000 	/System/Library/PrivateFrameworks/caulk.framework/Versions/A/caulk
0x00007ff81a44b000 	/usr/lib/libAudioStatistics.dylib
0x00007ff90cf31000 	/System/Library/PrivateFrameworks/SystemPolicy.framework/Versions/A/SystemPolicy
0x00007ff81a6e9000 	/usr/lib/libSMC.dylib
0x00007ff823814000 	/System/Library/Frameworks/CoreMIDI.framework/Versions/A/CoreMIDI
0x00007ff81916c000 	/usr/lib/libAudioToolboxUtility.dylib
0x00007ff828d47000 	/System/Library/PrivateFrameworks/OSAServicesClient.framework/Versions/A/OSAServicesClient
0x00007ff81ab8b000 	/usr/lib/libperfcheck.dylib
0x00007ff818122000 	/System/Library/PrivateFrameworks/PlugInKit.framework/Versions/A/PlugInKit
0x00007ff816a41000 	/System/Library/PrivateFrameworks/AssertionServices.framework/Versions/A/AssertionServices
0x00007ffa2103c000 	/System/Library/Frameworks/OpenGL.framework/Versions/A/Libraries/libGLU.dylib
0x00007ffa21000000 	/System/Library/Frameworks/OpenGL.framework/Versions/A/Libraries/libGFXShared.dylib
0x00007ffa21209000 	/System/Library/Frameworks/OpenGL.framework/Versions/A/Libraries/libGL.dylib
0x00007ffa21009000 	/System/Library/Frameworks/OpenGL.framework/Versions/A/Libraries/libGLImage.dylib
0x00007ffa20ffd000 	/System/Library/Frameworks/OpenGL.framework/Versions/A/Libraries/libCVMSPluginSupport.dylib
0x00007ffb29761000 	/usr/lib/libRosetta.dylib
0x00007ffa20fe8000 	/System/Library/Frameworks/OpenGL.framework/Versions/A/Libraries/libCoreVMClient.dylib
0x00007ff815d1b000 	/System/Library/Frameworks/MetalPerformanceShaders.framework/Versions/A/Frameworks/MPSCore.framework/Versions/A/MPSCore
0x00007ff81713c000 	/System/Library/Frameworks/MetalPerformanceShaders.framework/Versions/A/Frameworks/MPSImage.framework/Versions/A/MPSImage
0x00007ff816bb2000 	/System/Library/Frameworks/MetalPerformanceShaders.framework/Versions/A/Frameworks/MPSNeuralNetwork.framework/Versions/A/MPSNeuralNetwork
0x00007ff817025000 	/System/Library/Frameworks/MetalPerformanceShaders.framework/Versions/A/Frameworks/MPSMatrix.framework/Versions/A/MPSMatrix
0x00007ff816de0000 	/System/Library/Frameworks/MetalPerformanceShaders.framework/Versions/A/Frameworks/MPSRayIntersector.framework/Versions/A/MPSRayIntersector
0x00007ff817060000 	/System/Library/Frameworks/MetalPerformanceShaders.framework/Versions/A/Frameworks/MPSNDArray.framework/Versions/A/MPSNDArray
0x00007ffa27c21000 	/System/Library/Frameworks/MetalPerformanceShaders.framework/Versions/A/Frameworks/MPSFunctions.framework/Versions/A/MPSFunctions
0x00007ff80c056000 	/System/Library/PrivateFrameworks/MetalTools.framework/Versions/A/MetalTools
0x00007ff815da1000 	/System/Library/PrivateFrameworks/AggregateDictionary.framework/Versions/A/AggregateDictionary
0x00007ff817fdd000 	/usr/lib/libIOReport.dylib
0x00007ffa225ec000 	/System/Library/Frameworks/OpenCL.framework/Versions/A/OpenCL
0x00007ff818384000 	/System/Library/PrivateFrameworks/GraphVisualizer.framework/Versions/A/GraphVisualizer
0x00007ffb11993000 	/System/Library/PrivateFrameworks/FontServices.framework/Versions/A/FontServices
0x00007ff8187ad000 	/System/Library/PrivateFrameworks/OTSVG.framework/Versions/A/OTSVG
0x00007ff8137bb000 	/System/Library/Frameworks/ApplicationServices.framework/Versions/A/Frameworks/ATS.framework/Versions/A/Resources/libFontRegistry.dylib
0x00007ff8187fc000 	/System/Library/PrivateFrameworks/FontServices.framework/libhvf.dylib
0x00007ffb11994000 	/System/Library/PrivateFrameworks/FontServices.framework/libXTFontStaticRegistryData.dylib
0x00007ffb22c2d000 	/System/Library/PrivateFrameworks/VideoToolboxParavirtualizationSupport.framework/Versions/A/VideoToolboxParavirtualizationSupport
0x00007ff8181ee000 	/System/Library/PrivateFrameworks/AppleVA.framework/Versions/A/AppleVA
0x00007ff81a48b000 	/System/Library/Frameworks/ApplicationServices.framework/Versions/A/Frameworks/ATS.framework/Versions/A/ATS
0x00007ff8111de000 	/System/Library/Frameworks/ApplicationServices.framework/Versions/A/Frameworks/HIServices.framework/Versions/A/HIServices
0x00007ff8192ce000 	/System/Library/Frameworks/ApplicationServices.framework/Versions/A/Frameworks/PrintCore.framework/Versions/A/PrintCore
0x00007ff81a83e000 	/System/Library/Frameworks/ApplicationServices.framework/Versions/A/Frameworks/QD.framework/Versions/A/QD
0x00007ff81a836000 	/System/Library/Frameworks/ApplicationServices.framework/Versions/A/Frameworks/ColorSyncLegacy.framework/Versions/A/ColorSyncLegacy
0x00007ff81a45f000 	/System/Library/Frameworks/ApplicationServices.framework/Versions/A/Frameworks/SpeechSynthesis.framework/Versions/A/SpeechSynthesis
0x00007ff81928c000 	/System/Library/Frameworks/ApplicationServices.framework/Versions/A/Frameworks/ATSUI.framework/Versions/A/ATSUI
0x00007ff81a7c9000 	/usr/lib/libcups.2.dylib
0x00007ff81ab9a000 	/System/Library/Frameworks/Kerberos.framework/Versions/A/Kerberos
0x00007ff81aba9000 	/System/Library/Frameworks/GSS.framework/Versions/A/GSS
0x00007ff81a4f9000 	/usr/lib/libresolv.9.dylib
0x00007ff81880d000 	/System/Library/PrivateFrameworks/Heimdal.framework/Versions/A/Heimdal
0x00007ff82193d000 	/System/Library/Frameworks/Kerberos.framework/Versions/A/Libraries/libHeimdalProxy.dylib
0x00007ff81abf4000 	/System/Library/PrivateFrameworks/CommonAuth.framework/Versions/A/CommonAuth
0x00007ffa25b87000 	/System/Library/Frameworks/AVFAudio.framework/Versions/A/AVFAudio
0x00007ff828d90000 	/System/Library/PrivateFrameworks/AXCoreUtilities.framework/Versions/A/AXCoreUtilities
0x00007ff81a3db000 	/System/Library/PrivateFrameworks/AudioSession.framework/Versions/A/AudioSession
0x00007ff81b9dd000 	/System/Library/Frameworks/IOBluetooth.framework/Versions/A/IOBluetooth
0x00007ff8182f4000 	/System/Library/PrivateFrameworks/MediaExperience.framework/Versions/A/MediaExperience
0x00007ff81a282000 	/System/Library/PrivateFrameworks/AudioSession.framework/libSessionUtility.dylib
0x00007ff81a84a000 	/System/Library/PrivateFrameworks/AudioResourceArbitration.framework/Versions/A/AudioResourceArbitration
0x00007ff81e936000 	/System/Library/PrivateFrameworks/PowerLog.framework/Versions/A/PowerLog
0x00007ff81e878000 	/System/Library/Frameworks/CoreBluetooth.framework/Versions/A/CoreBluetooth
0x00007ff82193e000 	/System/Library/Frameworks/AudioUnit.framework/Versions/A/AudioUnit
0x00007ff8168ab000 	/System/Library/PrivateFrameworks/CoreUtils.framework/Versions/A/CoreUtils
0x00007ffb10544000 	/System/Library/PrivateFrameworks/CoreUtilsExtras.framework/Versions/A/CoreUtilsExtras
0x00007ffb152a6000 	/System/Library/PrivateFrameworks/IO80211.framework/Versions/A/IO80211
0x00007ff818262000 	/System/Library/PrivateFrameworks/IconFoundation.framework/Versions/A/IconFoundation
0x00007ff81d955000 	/System/Library/PrivateFrameworks/SpeechRecognitionCore.framework/Versions/A/SpeechRecognitionCore
0x0000000103442000 	/Users/lorie/Library/Java/JavaVirtualMachines/corretto-19.0.2/Contents/Home/lib/server/libjvm.dylib
0x00000001021e8000 	/Users/lorie/Library/Java/JavaVirtualMachines/corretto-19.0.2/Contents/Home/lib/libjimage.dylib
0x0000000102259000 	/Users/lorie/Library/Java/JavaVirtualMachines/corretto-19.0.2/Contents/Home/lib/libinstrument.dylib
0x000000010229c000 	/Users/lorie/Library/Java/JavaVirtualMachines/corretto-19.0.2/Contents/Home/lib/libjava.dylib
0x0000000103167000 	/Users/lorie/Library/Java/JavaVirtualMachines/corretto-19.0.2/Contents/Home/lib/libnio.dylib
0x0000000103183000 	/Users/lorie/Library/Java/JavaVirtualMachines/corretto-19.0.2/Contents/Home/lib/libnet.dylib
0x0000000102280000 	/Users/lorie/Library/Java/JavaVirtualMachines/corretto-19.0.2/Contents/Home/lib/libzip.dylib
0x00000001031b3000 	/Users/lorie/.openjfx/cache/17.0.2-ea/libprism_es2.dylib
0x00007ffa21214000 	/System/Library/Frameworks/OpenGL.framework/Versions/A/Resources/GLEngine.bundle/GLEngine
0x00007ffa2107a000 	/System/Library/Frameworks/OpenGL.framework/Versions/A/Libraries/libGLProgrammability.dylib
0x00007ffa18ecd000 	/System/Library/Extensions/AppleIntelKBLGraphicsGLDriver.bundle/Contents/MacOS/AppleIntelKBLGraphicsGLDriver
0x00007ff91901e000 	/System/Library/PrivateFrameworks/GPUSupport.framework/Versions/A/Libraries/libGPUSupportMercury.dylib
0x00007ffa2139e000 	/System/Library/Frameworks/OpenGL.framework/Versions/A/Resources/GLRendererFloat.bundle/GLRendererFloat
0x0000000127761000 	/Users/lorie/.openjfx/cache/17.0.2-ea/libglass.dylib
0x00007ff81ef28000 	/System/Library/Frameworks/FileProvider.framework/Versions/A/FileProvider
0x00007ff811ce1000 	/System/Library/Frameworks/Accounts.framework/Versions/A/Accounts
0x00007ff813c80000 	/System/Library/PrivateFrameworks/UserManagement.framework/Versions/A/UserManagement
0x00007ff81f0b4000 	/System/Library/PrivateFrameworks/GenerationalStorage.framework/Versions/A/GenerationalStorage
0x00007ff81fc2c000 	/System/Library/PrivateFrameworks/CoreSymbolication.framework/Versions/A/CoreSymbolication
0x00007ff81e92b000 	/System/Library/PrivateFrameworks/SymptomDiagnosticReporter.framework/Versions/A/SymptomDiagnosticReporter
0x00007ff80fcbc000 	/System/Library/PrivateFrameworks/DesktopServicesPriv.framework/Versions/A/DesktopServicesPriv
0x00007ff80ea7f000 	/usr/lib/libsandbox.1.dylib
0x00007ff81fbf1000 	/System/Library/PrivateFrameworks/DebugSymbols.framework/Versions/A/DebugSymbols
0x00007ff81a82b000 	/System/Library/PrivateFrameworks/NetAuth.framework/Versions/A/NetAuth
0x00007ff81b85d000 	/System/Library/PrivateFrameworks/Sharing.framework/Versions/A/Sharing
0x00007ff813c46000 	/System/Library/PrivateFrameworks/login.framework/Versions/A/Frameworks/loginsupport.framework/Versions/A/loginsupport
0x00007ff820e2a000 	/System/Library/PrivateFrameworks/Apple80211.framework/Versions/A/Apple80211
0x00007ff817226000 	/System/Library/PrivateFrameworks/AuthKit.framework/Versions/A/AuthKit
0x00007ff816831000 	/System/Library/Frameworks/CoreWLAN.framework/Versions/A/CoreWLAN
0x00007ff820e2e000 	/System/Library/PrivateFrameworks/CoreWiFi.framework/Versions/A/CoreWiFi
0x00007ffa102e4000 	/System/Library/PrivateFrameworks/WiFiPeerToPeer.framework/Versions/A/WiFiPeerToPeer
0x00007ff81f79b000 	/System/Library/PrivateFrameworks/FrontBoardServices.framework/Versions/A/FrontBoardServices
0x00007ff81f833000 	/System/Library/PrivateFrameworks/BoardServices.framework/Versions/A/BoardServices
0x00007ff820fc1000 	/System/Library/PrivateFrameworks/BackBoardServices.framework/Versions/A/BackBoardServices
0x00007ff81739d000 	/System/Library/Frameworks/UserNotifications.framework/Versions/A/UserNotifications
0x00007ff81ace9000 	/System/Library/PrivateFrameworks/CorePhoneNumbers.framework/Versions/A/CorePhoneNumbers
0x00007ff81a526000 	/System/Library/PrivateFrameworks/MultiverseSupport.framework/Versions/A/MultiverseSupport
0x00007ff82123c000 	/System/Library/PrivateFrameworks/RemoteServiceDiscovery.framework/Versions/A/RemoteServiceDiscovery
0x00007ff81ea49000 	/System/Library/PrivateFrameworks/DiskManagement.framework/Versions/A/DiskManagement
0x00007ff81e95d000 	/System/Library/PrivateFrameworks/AppleIDAuthSupport.framework/Versions/A/AppleIDAuthSupport
0x00007ffa2a80d000 	/System/Library/PrivateFrameworks/AAAFoundation.framework/Versions/A/AAAFoundation
0x00007ff81acc2000 	/System/Library/PrivateFrameworks/KeychainCircle.framework/Versions/A/KeychainCircle
0x00007ff82124c000 	/System/Library/PrivateFrameworks/RemoteXPC.framework/Versions/A/RemoteXPC
0x00007ff81ea15000 	/System/Library/PrivateFrameworks/MediaKit.framework/Versions/A/MediaKit
0x00007ff81e969000 	/System/Library/Frameworks/DiscRecording.framework/Versions/A/DiscRecording
0x00007ff818166000 	/usr/lib/libCoreStorage.dylib
0x00007ff8212b7000 	/usr/lib/libcsfde.dylib
0x00007ff81baae000 	/System/Library/PrivateFrameworks/ProtectedCloudStorage.framework/Versions/A/ProtectedCloudStorage
0x00007ff8212b3000 	/System/Library/PrivateFrameworks/EFILogin.framework/Versions/A/EFILogin
0x00007ff81f0da000 	/System/Library/PrivateFrameworks/OctagonTrust.framework/Versions/A/OctagonTrust
0x00007ff81815e000 	/usr/lib/libMatch.1.dylib
0x00007ff912730000 	/System/Library/Frameworks/Accelerate.framework/Versions/A/Frameworks/vImage.framework/Versions/A/Libraries/libCGInterfaces.dylib
0x00000001293f9000 	/usr/lib/libobjc-trampolines.dylib
0x00007ffb29519000 	/usr/lib/libAccessibilityBaseImplementations.dylib
0x00007ff81395f000 	/System/Library/PrivateFrameworks/ViewBridge.framework/Versions/A/ViewBridge
0x00007ff8188c5000 	/System/Library/PrivateFrameworks/login.framework/Versions/A/login
0x000000012b926000 	/Users/lorie/.openjfx/cache/17.0.2-ea/libjavafx_font.dylib
0x0000000132710000 	/Users/lorie/Library/Java/JavaVirtualMachines/corretto-19.0.2/Contents/Home/lib/libawt.dylib
0x00000001324bc000 	/Users/lorie/Library/Java/JavaVirtualMachines/corretto-19.0.2/Contents/Home/lib/libmlib_image.dylib
0x00007ffa26e69000 	/System/Library/Frameworks/JavaRuntimeSupport.framework/Versions/A/JavaRuntimeSupport
0x00007ff90c941000 	/System/Library/Frameworks/Carbon.framework/Versions/A/Carbon
0x00007ff8254d3000 	/System/Library/Frameworks/Carbon.framework/Versions/A/Frameworks/CommonPanels.framework/Versions/A/CommonPanels
0x00007ff8212af000 	/System/Library/Frameworks/Carbon.framework/Versions/A/Frameworks/Help.framework/Versions/A/Help
0x00007ff8254d7000 	/System/Library/Frameworks/Carbon.framework/Versions/A/Frameworks/ImageCapture.framework/Versions/A/ImageCapture
0x00007ff8254a7000 	/System/Library/Frameworks/Carbon.framework/Versions/A/Frameworks/OpenScripting.framework/Versions/A/OpenScripting
0x00007ff8254cf000 	/System/Library/Frameworks/Carbon.framework/Versions/A/Frameworks/Ink.framework/Versions/A/Ink
0x00007ff90c93d000 	/System/Library/Frameworks/Carbon.framework/Versions/A/Frameworks/Print.framework/Versions/A/Print
0x00007ff8254cb000 	/System/Library/Frameworks/Carbon.framework/Versions/A/Frameworks/SecurityHI.framework/Versions/A/SecurityHI
0x0000000132aea000 	/Users/lorie/Library/Java/JavaVirtualMachines/corretto-19.0.2/Contents/Home/lib/libawt_lwawt.dylib
0x00000001323f9000 	/Users/lorie/Library/Java/JavaVirtualMachines/corretto-19.0.2/Contents/Home/lib/libosxapp.dylib
0x00007ff90baf5000 	/System/Library/Frameworks/ExceptionHandling.framework/Versions/A/ExceptionHandling
0x0000000132f81000 	/Users/lorie/Library/Java/JavaVirtualMachines/corretto-19.0.2/Contents/Home/lib/libfontmanager.dylib
0x0000000132c1e000 	/Users/lorie/Library/Java/JavaVirtualMachines/corretto-19.0.2/Contents/Home/lib/libfreetype.dylib


VM Arguments:
jvm_args: -javaagent:/Applications/IntelliJ IDEA CE.app/Contents/lib/idea_rt.jar=49414:/Applications/IntelliJ IDEA CE.app/Contents/bin -Dfile.encoding=UTF-8 -Dsun.stdout.encoding=UTF-8 -Dsun.stderr.encoding=UTF-8 --module-path=/Users/lorie/.m2/repository/org/openjfx/javafx-fxml/17.0.2/javafx-fxml-17.0.2-mac.jar:/Users/lorie/.m2/repository/org/openjfx/javafx-controls/17.0.2/javafx-controls-17.0.2-mac.jar:/Users/lorie/.m2/repository/org/openjfx/javafx-graphics/17.0.2/javafx-graphics-17.0.2-mac.jar:/Users/lorie/Downloads/SixQuiPrend-main/target/classes:/Users/lorie/.m2/repository/org/openjfx/javafx-base/17.0.2/javafx-base-17.0.2-mac.jar -Djdk.module.main=com.example.sixquiprend 
java_command: com.example.sixquiprend/com.example.sixquiprend.HelloApplication
java_class_path (initial): /Users/lorie/.m2/repository/org/openjfx/javafx-controls/17.0.2/javafx-controls-17.0.2.jar:/Users/lorie/.m2/repository/org/openjfx/javafx-graphics/17.0.2/javafx-graphics-17.0.2.jar:/Users/lorie/.m2/repository/org/openjfx/javafx-base/17.0.2/javafx-base-17.0.2.jar:/Users/lorie/.m2/repository/org/openjfx/javafx-fxml/17.0.2/javafx-fxml-17.0.2.jar
Launcher Type: SUN_STANDARD

[Global flags]
     intx CICompilerCount                          = 4                                         {product} {ergonomic}
     uint ConcGCThreads                            = 2                                         {product} {ergonomic}
     uint G1ConcRefinementThreads                  = 8                                         {product} {ergonomic}
   size_t G1HeapRegionSize                         = 1048576                                   {product} {ergonomic}
    uintx GCDrainStackTargetSize                   = 64                                        {product} {ergonomic}
   size_t InitialHeapSize                          = 134217728                                 {product} {ergonomic}
   size_t MarkStackSize                            = 4194304                                   {product} {ergonomic}
   size_t MaxHeapSize                              = 2147483648                                {product} {ergonomic}
   size_t MaxNewSize                               = 1287651328                                {product} {ergonomic}
   size_t MinHeapDeltaBytes                        = 1048576                                   {product} {ergonomic}
   size_t MinHeapSize                              = 8388608                                   {product} {ergonomic}
    uintx NonNMethodCodeHeapSize                   = 5839372                                {pd product} {ergonomic}
    uintx NonProfiledCodeHeapSize                  = 122909434                              {pd product} {ergonomic}
    uintx ProfiledCodeHeapSize                     = 122909434                              {pd product} {ergonomic}
    uintx ReservedCodeCacheSize                    = 251658240                              {pd product} {ergonomic}
     bool SegmentedCodeCache                       = true                                      {product} {ergonomic}
   size_t SoftMaxHeapSize                          = 2147483648                             {manageable} {ergonomic}
     bool UseCompressedClassPointers               = true                           {product lp64_product} {ergonomic}
     bool UseCompressedOops                        = true                           {product lp64_product} {ergonomic}
     bool UseG1GC                                  = true                                      {product} {ergonomic}
     bool UseNUMA                                  = false                                     {product} {ergonomic}
     bool UseNUMAInterleaving                      = false                                     {product} {ergonomic}

Logging:
Log output configuration:
 #0: stdout all=warning uptime,level,tags foldmultilines=false
 #1: stderr all=off uptime,level,tags foldmultilines=false

Environment Variables:
PATH=/opt/local/bin:/opt/local/sbin:/usr/local/bin:/System/Cryptexes/App/usr/bin:/usr/bin:/bin:/usr/sbin:/sbin:/opt/X11/bin:/Library/Apple/usr/bin
SHELL=/bin/zsh
DISPLAY=/private/tmp/com.apple.launchd.zb8gVzPAJO/org.xquartz:0
LC_CTYPE=fr_FR.UTF-8
TMPDIR=/var/folders/hx/t1fmsmfs21zd0_z7w5xwkh3c0000gn/T/

Active Locale:
LC_ALL=C/fr_FR.UTF-8/C/C/C/C
LC_COLLATE=C
LC_CTYPE=fr_FR.UTF-8
LC_MESSAGES=C
LC_MONETARY=C
LC_NUMERIC=C
LC_TIME=C

Signal Handlers:
   SIGSEGV: crash_handler in libjvm.dylib, mask=11100110000111110111111111111111, flags=SA_RESTART|SA_SIGINFO
    SIGBUS: crash_handler in libjvm.dylib, mask=11100110000111110111111111111111, flags=SA_RESTART|SA_SIGINFO
    SIGFPE: crash_handler in libjvm.dylib, mask=11100110000111110111111111111111, flags=SA_RESTART|SA_SIGINFO
   SIGPIPE: javaSignalHandler in libjvm.dylib, mask=11100110000111110111111111111111, flags=SA_RESTART|SA_SIGINFO
   SIGXFSZ: javaSignalHandler in libjvm.dylib, mask=11100110000111110111111111111111, flags=SA_RESTART|SA_SIGINFO
    SIGILL: crash_handler in libjvm.dylib, mask=11100110000111110111111111111111, flags=SA_RESTART|SA_SIGINFO
   SIGUSR2: SR_handler in libjvm.dylib, mask=00100000000000000000000000000000, flags=SA_RESTART|SA_SIGINFO
    SIGHUP: UserHandler in libjvm.dylib, mask=11100110000111110111111111111111, flags=SA_RESTART|SA_SIGINFO
    SIGINT: UserHandler in libjvm.dylib, mask=11100110000111110111111111111111, flags=SA_RESTART|SA_SIGINFO
   SIGTERM: UserHandler in libjvm.dylib, mask=11100110000111110111111111111111, flags=SA_RESTART|SA_SIGINFO
   SIGQUIT: UserHandler in libjvm.dylib, mask=11100110000111110111111111111111, flags=SA_RESTART|SA_SIGINFO
   SIGTRAP: crash_handler in libjvm.dylib, mask=11100110000111110111111111111111, flags=SA_RESTART|SA_SIGINFO


---------------  S Y S T E M  ---------------

OS:
uname: Darwin 22.3.0 Darwin Kernel Version 22.3.0: Thu Jan  5 20:53:49 PST 2023; root:xnu-8792.81.2~2/RELEASE_X86_64 x86_64
OS uptime: 0 days 0:17 hours
rlimit (soft/hard): STACK 8192k/65532k , CORE 0k/infinity , NPROC 1392/2088 , NOFILE 10240/infinity , AS infinity/infinity , CPU infinity/infinity , DATA infinity/infinity , FSIZE infinity/infinity , MEMLOCK infinity/infinity , RSS infinity/infinity
load average: 2.68 4.68 8.35

CPU: total 8 (initial active 8) (4 cores per cpu, 2 threads per core) family 6 model 142 stepping 10 microcode 0xf0, cx8, cmov, fxsr, ht, mmx, 3dnowpref, sse, sse2, sse3, ssse3, sse4.1, sse4.2, popcnt, lzcnt, tsc, tscinvbit, avx, avx2, aes, erms, clmul, bmi1, bmi2, adx, fma, vzeroupper, clflush, clflushopt, rdtscp

Memory: 4k page, physical 8388608k(37828k free), swap 1048576k(877056k free)

vm_info: OpenJDK 64-Bit Server VM (19.0.2+7-FR) for bsd-amd64 JRE (19.0.2+7-FR), built on Jan 13 2023 19:03:49 by "ec2user" with clang Apple LLVM 13.0.0 (clang-1300.0.29.30)

END.
